<?xml version="1.0" encoding="UTF-8"?>
<testsuite xmlns:xsi="http://www.w3.org/2001/XMLSchema-instance" xsi:noNamespaceSchemaLocation="https://maven.apache.org/surefire/maven-surefire-plugin/xsd/surefire-test-report-3.0.xsd" version="3.0" name="TestSuite" time="54.305" tests="2" errors="0" skipped="0" failures="2">
  <properties>
[...]
</properties>
  <testcase name="testUserRegistration" classname="tests.RegistrationTest" time="25.927">
    <failure message="Registration failed! expected [true] but found [false]" type="java.lang.AssertionError"><![CDATA[java.lang.AssertionError: Registration failed! expected [true] but found [false]
	at org.testng.Assert.fail(Assert.java:110)
	at org.testng.Assert.failNotEquals(Assert.java:1413)
	at org.testng.Assert.assertTrue(Assert.java:56)
	at tests.RegistrationTest.testUserRegistration(RegistrationTest.java:36)
	at java.base/jdk.internal.reflect.NativeMethodAccessorImpl.invoke0(Native Method)
	at java.base/jdk.internal.reflect.NativeMethodAccessorImpl.invoke(NativeMethodAccessorImpl.java:64)
	at java.base/jdk.internal.reflect.DelegatingMethodAccessorImpl.invoke(DelegatingMethodAccessorImpl.java:43)
	at java.base/java.lang.reflect.Method.invoke(Method.java:564)
	at org.testng.internal.invokers.MethodInvocationHelper.invokeMethod(MethodInvocationHelper.java:139)
	at org.testng.internal.invokers.TestInvoker.invokeMethod(TestInvoker.java:677)
	at org.testng.internal.invokers.TestInvoker.invokeTestMethod(TestInvoker.java:221)
	at org.testng.internal.invokers.MethodRunner.runInSequence(MethodRunner.java:50)
	at org.testng.internal.invokers.TestInvoker$MethodInvocationAgent.invoke(TestInvoker.java:969)
	at org.testng.internal.invokers.TestInvoker.invokeTestMethods(TestInvoker.java:194)
	at org.testng.internal.invokers.TestMethodWorker.invokeTestMethods(TestMethodWorker.java:148)
	at org.testng.internal.invokers.TestMethodWorker.run(TestMethodWorker.java:128)
	at java.base/java.util.ArrayList.forEach(ArrayList.java:1511)
	at org.testng.TestRunner.privateRun(TestRunner.java:829)
	at org.testng.TestRunner.run(TestRunner.java:602)
	at org.testng.SuiteRunner.runTest(SuiteRunner.java:437)
	at org.testng.SuiteRunner.runSequentially(SuiteRunner.java:431)
	at org.testng.SuiteRunner.privateRun(SuiteRunner.java:391)
	at org.testng.SuiteRunner.run(SuiteRunner.java:330)
	at org.testng.SuiteRunnerWorker.runSuite(SuiteRunnerWorker.java:52)
	at org.testng.SuiteRunnerWorker.run(SuiteRunnerWorker.java:95)
	at org.testng.TestNG.runSuitesSequentially(TestNG.java:1256)
	at org.testng.TestNG.runSuitesLocally(TestNG.java:1176)
	at org.testng.TestNG.runSuites(TestNG.java:1099)
	at org.testng.TestNG.run(TestNG.java:1067)
	at org.apache.maven.surefire.testng.TestNGExecutor.run(TestNGExecutor.java:155)
	at org.apache.maven.surefire.testng.TestNGDirectoryTestSuite.executeMulti(TestNGDirectoryTestSuite.java:169)
	at org.apache.maven.surefire.testng.TestNGDirectoryTestSuite.execute(TestNGDirectoryTestSuite.java:88)
	at org.apache.maven.surefire.testng.TestNGProvider.invoke(TestNGProvider.java:137)
	at org.apache.maven.surefire.booter.ForkedBooter.runSuitesInProcess(ForkedBooter.java:385)
	at org.apache.maven.surefire.booter.ForkedBooter.execute(ForkedBooter.java:162)
	at org.apache.maven.surefire.booter.ForkedBooter.run(ForkedBooter.java:507)
	at org.apache.maven.surefire.booter.ForkedBooter.main(ForkedBooter.java:495)
]]></failure>
    <system-err><![CDATA[SLF4J: Failed to load class "org.slf4j.impl.StaticLoggerBinder".
SLF4J: Defaulting to no-operation (NOP) logger implementation
SLF4J: See http://www.slf4j.org/codes.html#StaticLoggerBinder for further details.
Starting ChromeDriver 114.0.5735.90 (386bc09e8f4f2e025eddae123f36f6263096ae49-refs/branch-heads/5735@{#1052}) on port 13655
Only local connections are allowed.
Please see https://chromedriver.chromium.org/security-considerations for suggestions on keeping ChromeDriver safe.
ChromeDriver was started successfully.
Mar 07, 2025 4:36:36 PM org.openqa.selenium.devtools.CdpVersionFinder findNearestMatch
WARNING: Unable to find an exact match for CDP version 114, so returning the closest version found: 112
]]></system-err>
  </testcase>
  <testcase name="testLoginWithOTP" classname="tests.LoginTest" time="20.269">
    <failure message="OTP extraction failed." type="java.lang.AssertionError"><![CDATA[java.lang.AssertionError: OTP extraction failed.
	at org.testng.Assert.fail(Assert.java:110)
	at tests.LoginTest.testLoginWithOTP(LoginTest.java:37)
	at java.base/jdk.internal.reflect.NativeMethodAccessorImpl.invoke0(Native Method)
	at java.base/jdk.internal.reflect.NativeMethodAccessorImpl.invoke(NativeMethodAccessorImpl.java:64)
	at java.base/jdk.internal.reflect.DelegatingMethodAccessorImpl.invoke(DelegatingMethodAccessorImpl.java:43)
	at java.base/java.lang.reflect.Method.invoke(Method.java:564)
	at org.testng.internal.invokers.MethodInvocationHelper.invokeMethod(MethodInvocationHelper.java:139)
	at org.testng.internal.invokers.TestInvoker.invokeMethod(TestInvoker.java:677)
	at org.testng.internal.invokers.TestInvoker.invokeTestMethod(TestInvoker.java:221)
	at org.testng.internal.invokers.MethodRunner.runInSequence(MethodRunner.java:50)
	at org.testng.internal.invokers.TestInvoker$MethodInvocationAgent.invoke(TestInvoker.java:969)
	at org.testng.internal.invokers.TestInvoker.invokeTestMethods(TestInvoker.java:194)
	at org.testng.internal.invokers.TestMethodWorker.invokeTestMethods(TestMethodWorker.java:148)
	at org.testng.internal.invokers.TestMethodWorker.run(TestMethodWorker.java:128)
	at java.base/java.util.ArrayList.forEach(ArrayList.java:1511)
	at org.testng.TestRunner.privateRun(TestRunner.java:829)
	at org.testng.TestRunner.run(TestRunner.java:602)
	at org.testng.SuiteRunner.runTest(SuiteRunner.java:437)
	at org.testng.SuiteRunner.runSequentially(SuiteRunner.java:431)
	at org.testng.SuiteRunner.privateRun(SuiteRunner.java:391)
	at org.testng.SuiteRunner.run(SuiteRunner.java:330)
	at org.testng.SuiteRunnerWorker.runSuite(SuiteRunnerWorker.java:52)
	at org.testng.SuiteRunnerWorker.run(SuiteRunnerWorker.java:95)
	at org.testng.TestNG.runSuitesSequentially(TestNG.java:1256)
	at org.testng.TestNG.runSuitesLocally(TestNG.java:1176)
	at org.testng.TestNG.runSuites(TestNG.java:1099)
	at org.testng.TestNG.run(TestNG.java:1067)
	at org.apache.maven.surefire.testng.TestNGExecutor.run(TestNGExecutor.java:155)
	at org.apache.maven.surefire.testng.TestNGDirectoryTestSuite.executeMulti(TestNGDirectoryTestSuite.java:169)
	at org.apache.maven.surefire.testng.TestNGDirectoryTestSuite.execute(TestNGDirectoryTestSuite.java:88)
	at org.apache.maven.surefire.testng.TestNGProvider.invoke(TestNGProvider.java:137)
	at org.apache.maven.surefire.booter.ForkedBooter.runSuitesInProcess(ForkedBooter.java:385)
	at org.apache.maven.surefire.booter.ForkedBooter.execute(ForkedBooter.java:162)
	at org.apache.maven.surefire.booter.ForkedBooter.run(ForkedBooter.java:507)
	at org.apache.maven.surefire.booter.ForkedBooter.main(ForkedBooter.java:495)
]]></failure>
    <system-out><![CDATA[2025-03-07 16:37:10 [main] INFO  utils.OTPExtractor - Initializing DevTools session for OTP extraction.
2025-03-07 16:37:11 [main] INFO  utils.OTPExtractor - â?³ Waiting for OTP...
2025-03-07 16:37:12 [main] INFO  utils.OTPExtractor - â?³ Waiting for OTP...
2025-03-07 16:37:13 [main] INFO  utils.OTPExtractor - â?³ Waiting for OTP...
2025-03-07 16:37:14 [main] INFO  utils.OTPExtractor - â?³ Waiting for OTP...
2025-03-07 16:37:15 [main] INFO  utils.OTPExtractor - â?³ Waiting for OTP...
2025-03-07 16:37:16 [main] INFO  utils.OTPExtractor - â?³ Waiting for OTP...
2025-03-07 16:37:17 [main] INFO  utils.OTPExtractor - â?³ Waiting for OTP...
2025-03-07 16:37:18 [main] INFO  utils.OTPExtractor - â?³ Waiting for OTP...
2025-03-07 16:37:19 [main] INFO  utils.OTPExtractor - â?³ Waiting for OTP...
2025-03-07 16:37:20 [main] INFO  utils.OTPExtractor - â?³ Waiting for OTP...
2025-03-07 16:37:21 [main] INFO  utils.OTPExtractor - â?³ Waiting for OTP...
2025-03-07 16:37:22 [main] INFO  utils.OTPExtractor - â?³ Waiting for OTP...
2025-03-07 16:37:23 [main] INFO  utils.OTPExtractor - â?³ Waiting for OTP...
2025-03-07 16:37:24 [main] INFO  utils.OTPExtractor - â?³ Waiting for OTP...
2025-03-07 16:37:25 [main] INFO  utils.OTPExtractor - â?³ Waiting for OTP...
2025-03-07 16:37:25 [main] WARN  utils.OTPExtractor - âš  OTP extraction failed. Returning empty OTP.
]]></system-out>
    <system-err><![CDATA[Starting ChromeDriver 114.0.5735.90 (386bc09e8f4f2e025eddae123f36f6263096ae49-refs/branch-heads/5735@{#1052}) on port 20897
Only local connections are allowed.
Please see https://chromedriver.chromium.org/security-considerations for suggestions on keeping ChromeDriver safe.
ChromeDriver was started successfully.
[1741347424.178][INFO]: [c370eba2140c99957d9312d8f3895bcc] COMMAND InitSession {
   "capabilities": {
      "firstMatch": [ {
         "browserName": "chrome",
         "goog:chromeOptions": {
            "args": [ "--remote-allow-origins=*" ],
            "extensions": [  ]
         }
      } ]
   }
}
[1741347424.184][INFO]: Populating Preferences file: {
   "alternate_error_pages": {
      "enabled": false
   },
   "autofill": {
      "enabled": false
   },
   "browser": {
      "check_default_browser": false
   },
   "distribution": {
      "import_bookmarks": false,
      "import_history": false,
      "import_search_engine": false,
      "make_chrome_default_for_user": false,
      "skip_first_run_ui": true
   },
   "dns_prefetching": {
      "enabled": false
   },
   "profile": {
      "content_settings": {
         "pattern_pairs": {
            "https://*,*": {
               "media-stream": {
                  "audio": "Default",
                  "video": "Default"
               }
            }
         }
      },
      "default_content_setting_values": {
         "geolocation": 1
      },
      "default_content_settings": {
         "geolocation": 1,
         "mouselock": 1,
         "notifications": 1,
         "popups": 1,
         "ppapi-broker": 1
      },
      "password_manager_enabled": false
   },
   "safebrowsing": {
      "enabled": false
   },
   "search": {
      "suggest_enabled": false
   },
   "translate": {
      "enabled": false
   }
}
[1741347424.185][INFO]: Populating Local State file: {
   "background_mode": {
      "enabled": false
   },
   "ssl": {
      "rev_checking": {
         "enabled": false
      }
   }
}
[1741347424.189][INFO]: Launching chrome: "C:\Program Files\Google\Chrome\Application\chrome.exe" --allow-pre-commit-input --disable-background-networking --disable-backgrounding-occluded-windows --disable-client-side-phishing-detection --disable-default-apps --disable-hang-monitor --disable-popup-blocking --disable-prompt-on-repost --disable-sync --enable-automation --enable-logging --log-level=0 --no-first-run --no-service-autorun --password-store=basic --remote-allow-origins=* --remote-debugging-port=0 --test-type=webdriver --use-mock-keychain --user-data-dir="C:\Users\DELL\AppData\Local\Temp\scoped_dir24300_1900118415" data:,
[1741347424.540][DEBUG]: DevTools HTTP Request: http://localhost:60149/json/version
[1741347424.852][DEBUG]: DevTools HTTP Response: {
   "Browser": "Chrome/114.0.5735.199",
   "Protocol-Version": "1.3",
   "User-Agent": "Mozilla/5.0 (Windows NT 10.0; Win64; x64) AppleWebKit/537.36 (KHTML, like Gecko) Chrome/114.0.0.0 Safari/537.36",
   "V8-Version": "11.4.183.25",
   "WebKit-Version": "537.36 (@c3029382d11c5f499e4fc317353a43d411a5ce1c)",
   "webSocketDebuggerUrl": "ws://localhost:60149/devtools/browser/7f3370f1-e23c-4d58-879d-8b498f36bea7"
}

[1741347424.852][DEBUG]: DevTools HTTP Request: http://localhost:60149/json/list
[1741347424.853][DEBUG]: DevTools HTTP Response: [ {
   "description": "",
   "devtoolsFrontendUrl": "/devtools/inspector.html?ws=localhost:60149/devtools/page/F2976C62E4DCE76891DD6D12CE8213FE",
   "id": "F2976C62E4DCE76891DD6D12CE8213FE",
   "title": "",
   "type": "page",
   "url": "data:,",
   "webSocketDebuggerUrl": "ws://localhost:60149/devtools/page/F2976C62E4DCE76891DD6D12CE8213FE"
} ]

[1741347424.860][INFO]: resolved localhost to ["::1","127.0.0.1"]
[1741347424.863][DEBUG]: DevTools WebSocket Command: Target.getTargets (id=1) (session_id=) browser {
}
[1741347424.864][DEBUG]: DevTools WebSocket Response: Target.getTargets (id=1) (session_id=) browser {
   "targetInfos": [ {
      "attached": false,
      "browserContextId": "536FAD72576695AD3FC43F08F5220E63",
      "canAccessOpener": false,
      "targetId": "F2976C62E4DCE76891DD6D12CE8213FE",
      "title": "",
      "type": "page",
      "url": "data:,"
   } ]
}
[1741347424.864][DEBUG]: DevTools WebSocket Command: Target.attachToTarget (id=2) (session_id=) browser {
   "flatten": true,
   "targetId": "F2976C62E4DCE76891DD6D12CE8213FE"
}
[1741347424.870][DEBUG]: DevTools WebSocket Event: Target.attachedToTarget (session_id=) browser {
   "sessionId": "43A1723E6C1E73374116C0A93953C6AC",
   "targetInfo": {
      "attached": true,
      "browserContextId": "536FAD72576695AD3FC43F08F5220E63",
      "canAccessOpener": false,
      "targetId": "F2976C62E4DCE76891DD6D12CE8213FE",
      "title": "",
      "type": "page",
      "url": "data:,"
   },
   "waitingForDebugger": false
}
[1741347424.870][DEBUG]: DevTools WebSocket Response: Target.attachToTarget (id=2) (session_id=) browser {
   "sessionId": "43A1723E6C1E73374116C0A93953C6AC"
}
[1741347424.870][DEBUG]: DevTools WebSocket Command: Page.addScriptToEvaluateOnNewDocument (id=3) (session_id=43A1723E6C1E73374116C0A93953C6AC) F2976C62E4DCE76891DD6D12CE8213FE {
   "source": "(function () {window.cdc_adoQpoasnfa76pfcZLmcfl_Array = window.Array;window.cdc_adoQpoasnfa76pfcZLmcfl_Object = window.Object;window.cdc_adoQpoasnfa76pfcZLmcfl_Promise = window.Promise;window.cdc_a..."
}
[1741347424.870][DEBUG]: DevTools WebSocket Command: Runtime.evaluate (id=4) (session_id=43A1723E6C1E73374116C0A93953C6AC) F2976C62E4DCE76891DD6D12CE8213FE {
   "expression": "(function () {window.cdc_adoQpoasnfa76pfcZLmcfl_Array = window.Array;window.cdc_adoQpoasnfa76pfcZLmcfl_Object = window.Object;window.cdc_adoQpoasnfa76pfcZLmcfl_Promise = window.Promise;window.cdc_a..."
}
[1741347424.871][DEBUG]: DevTools WebSocket Command: Log.enable (id=5) (session_id=43A1723E6C1E73374116C0A93953C6AC) F2976C62E4DCE76891DD6D12CE8213FE {
}
[1741347424.871][DEBUG]: DevTools WebSocket Command: Target.setAutoAttach (id=6) (session_id=43A1723E6C1E73374116C0A93953C6AC) F2976C62E4DCE76891DD6D12CE8213FE {
   "autoAttach": true,
   "flatten": true,
   "waitForDebuggerOnStart": false
}
[1741347424.872][DEBUG]: DevTools WebSocket Command: Page.enable (id=7) (session_id=43A1723E6C1E73374116C0A93953C6AC) F2976C62E4DCE76891DD6D12CE8213FE {
}
[1741347424.872][DEBUG]: DevTools WebSocket Command: Page.enable (id=8) (session_id=43A1723E6C1E73374116C0A93953C6AC) F2976C62E4DCE76891DD6D12CE8213FE {
}
[1741347424.986][DEBUG]: DevTools WebSocket Response: Page.addScriptToEvaluateOnNewDocument (id=3) (session_id=43A1723E6C1E73374116C0A93953C6AC) F2976C62E4DCE76891DD6D12CE8213FE {
   "identifier": "1"
}
[1741347424.986][DEBUG]: DevTools WebSocket Response: Runtime.evaluate (id=4) (session_id=43A1723E6C1E73374116C0A93953C6AC) F2976C62E4DCE76891DD6D12CE8213FE {
   "result": {
      "type": "undefined"
   }
}
[1741347424.986][DEBUG]: DevTools WebSocket Response: Log.enable (id=5) (session_id=43A1723E6C1E73374116C0A93953C6AC) F2976C62E4DCE76891DD6D12CE8213FE {
}
[1741347424.986][DEBUG]: DevTools WebSocket Response: Target.setAutoAttach (id=6) (session_id=43A1723E6C1E73374116C0A93953C6AC) F2976C62E4DCE76891DD6D12CE8213FE {
}
[1741347424.986][DEBUG]: DevTools WebSocket Response: Page.enable (id=7) (session_id=43A1723E6C1E73374116C0A93953C6AC) F2976C62E4DCE76891DD6D12CE8213FE {
}
[1741347424.986][DEBUG]: DevTools WebSocket Response: Page.enable (id=8) (session_id=43A1723E6C1E73374116C0A93953C6AC) F2976C62E4DCE76891DD6D12CE8213FE {
}
[1741347424.986][DEBUG]: DevTools WebSocket Command: Runtime.enable (id=9) (session_id=43A1723E6C1E73374116C0A93953C6AC) F2976C62E4DCE76891DD6D12CE8213FE {
}
[1741347425.004][DEBUG]: DevTools WebSocket Event: Page.loadEventFired (session_id=43A1723E6C1E73374116C0A93953C6AC) F2976C62E4DCE76891DD6D12CE8213FE {
   "timestamp": 49837.696133
}
[1741347425.005][DEBUG]: DevTools WebSocket Event: Page.frameStoppedLoading (session_id=43A1723E6C1E73374116C0A93953C6AC) F2976C62E4DCE76891DD6D12CE8213FE {
   "frameId": "F2976C62E4DCE76891DD6D12CE8213FE"
}
[1741347425.005][DEBUG]: DevTools WebSocket Event: Page.domContentEventFired (session_id=43A1723E6C1E73374116C0A93953C6AC) F2976C62E4DCE76891DD6D12CE8213FE {
   "timestamp": 49837.696619
}
[1741347425.005][DEBUG]: DevTools WebSocket Event: Page.frameResized (session_id=43A1723E6C1E73374116C0A93953C6AC) F2976C62E4DCE76891DD6D12CE8213FE {
}
[1741347425.006][DEBUG]: DevTools WebSocket Event: Runtime.executionContextCreated (session_id=43A1723E6C1E73374116C0A93953C6AC) F2976C62E4DCE76891DD6D12CE8213FE {
   "context": {
      "auxData": {
         "frameId": "F2976C62E4DCE76891DD6D12CE8213FE",
         "isDefault": true,
         "type": "default"
      },
      "id": 1,
      "name": "",
      "origin": "://",
      "uniqueId": "-2097796777589496174.-1261129256584293333"
   }
}
[1741347425.006][DEBUG]: DevTools WebSocket Response: Runtime.enable (id=9) (session_id=43A1723E6C1E73374116C0A93953C6AC) F2976C62E4DCE76891DD6D12CE8213FE {
}
[1741347425.006][DEBUG]: DevTools WebSocket Command: Page.enable (id=10) (session_id=43A1723E6C1E73374116C0A93953C6AC) F2976C62E4DCE76891DD6D12CE8213FE {
}
[1741347425.011][DEBUG]: DevTools WebSocket Response: Page.enable (id=10) (session_id=43A1723E6C1E73374116C0A93953C6AC) F2976C62E4DCE76891DD6D12CE8213FE {
}
[1741347425.011][DEBUG]: DevTools WebSocket Command: Runtime.enable (id=11) (session_id=43A1723E6C1E73374116C0A93953C6AC) F2976C62E4DCE76891DD6D12CE8213FE {
}
[1741347425.016][DEBUG]: DevTools WebSocket Response: Runtime.enable (id=11) (session_id=43A1723E6C1E73374116C0A93953C6AC) F2976C62E4DCE76891DD6D12CE8213FE {
}
[1741347425.016][DEBUG]: DevTools WebSocket Command: Page.getFrameTree (id=12) (session_id=43A1723E6C1E73374116C0A93953C6AC) F2976C62E4DCE76891DD6D12CE8213FE {
}
[1741347425.019][DEBUG]: DevTools WebSocket Response: Page.getFrameTree (id=12) (session_id=43A1723E6C1E73374116C0A93953C6AC) F2976C62E4DCE76891DD6D12CE8213FE {
   "frameTree": {
      "frame": {
         "adFrameStatus": {
            "adFrameType": "none"
         },
         "crossOriginIsolatedContextType": "NotIsolated",
         "domainAndRegistry": "",
         "gatedAPIFeatures": [  ],
         "id": "F2976C62E4DCE76891DD6D12CE8213FE",
         "loaderId": "9CCF6AA75FC55150CA926F6287698875",
         "mimeType": "text/plain",
         "secureContextType": "InsecureScheme",
         "securityOrigin": "://",
         "url": "data:,"
      }
   }
}
[1741347425.019][DEBUG]: DevTools WebSocket Command: Page.getFrameTree (id=13) (session_id=43A1723E6C1E73374116C0A93953C6AC) F2976C62E4DCE76891DD6D12CE8213FE {
}
[1741347425.021][DEBUG]: DevTools WebSocket Response: Page.getFrameTree (id=13) (session_id=43A1723E6C1E73374116C0A93953C6AC) F2976C62E4DCE76891DD6D12CE8213FE {
   "frameTree": {
      "frame": {
         "adFrameStatus": {
            "adFrameType": "none"
         },
         "crossOriginIsolatedContextType": "NotIsolated",
         "domainAndRegistry": "",
         "gatedAPIFeatures": [  ],
         "id": "F2976C62E4DCE76891DD6D12CE8213FE",
         "loaderId": "9CCF6AA75FC55150CA926F6287698875",
         "mimeType": "text/plain",
         "secureContextType": "InsecureScheme",
         "securityOrigin": "://",
         "url": "data:,"
      }
   }
}
[1741347425.022][DEBUG]: DevTools WebSocket Command: Runtime.callFunctionOn (id=14) (session_id=43A1723E6C1E73374116C0A93953C6AC) F2976C62E4DCE76891DD6D12CE8213FE {
   "arguments": [  ],
   "awaitPromise": true,
   "functionDeclaration": "function(){ return (function() { // Copyright 2012 The Chromium Authors\n// Use of this source code is governed by a BSD-style license that can be\n// found in the LICENSE file.\n\n/**\n * Enum for WebD...",
   "generateWebDriverValue": true,
   "objectGroup": "562ded41-67b2-4b65-beee-69e27c89028c",
   "uniqueContextId": "-2097796777589496174.-1261129256584293333"
}
[1741347425.070][DEBUG]: DevTools WebSocket Response: Runtime.callFunctionOn (id=14) (session_id=43A1723E6C1E73374116C0A93953C6AC) F2976C62E4DCE76891DD6D12CE8213FE {
   "result": {
      "className": "Array",
      "description": "Array(1)",
      "objectId": "-5163148285601575589.1.1",
      "subtype": "array",
      "type": "object",
      "webDriverValue": {
         "type": "array",
         "value": [ {
            "type": "string",
            "value": "{\"status\":0,\"value\":1}"
         } ]
      }
   }
}
[1741347425.070][DEBUG]: DevTools WebSocket Command: Runtime.releaseObjectGroup (id=15) (session_id=43A1723E6C1E73374116C0A93953C6AC) F2976C62E4DCE76891DD6D12CE8213FE {
   "objectGroup": "562ded41-67b2-4b65-beee-69e27c89028c"
}
[1741347425.070][INFO]: [c370eba2140c99957d9312d8f3895bcc] RESPONSE InitSession {
   "capabilities": {
      "acceptInsecureCerts": false,
      "browserName": "chrome",
      "browserVersion": "114.0.5735.199",
      "chrome": {
         "chromedriverVersion": "114.0.5735.90 (386bc09e8f4f2e025eddae123f36f6263096ae49-refs/branch-heads/5735@{#1052})",
         "userDataDir": "C:\\Users\\DELL\\AppData\\Local\\Temp\\scoped_dir24300_1900118415"
      },
      "goog:chromeOptions": {
         "debuggerAddress": "localhost:60149"
      },
      "networkConnectionEnabled": false,
      "pageLoadStrategy": "normal",
      "platformName": "windows",
      "proxy": {
      },
      "setWindowRect": true,
      "strictFileInteractability": false,
      "timeouts": {
         "implicit": 0,
         "pageLoad": 300000,
         "script": 30000
      },
      "unhandledPromptBehavior": "dismiss and notify",
      "webauthn:extension:credBlob": true,
      "webauthn:extension:largeBlob": true,
      "webauthn:extension:minPinLength": true,
      "webauthn:extension:prf": true,
      "webauthn:virtualAuthenticators": true
   },
   "sessionId": "c370eba2140c99957d9312d8f3895bcc"
}
[1741347425.126][DEBUG]: DevTools WebSocket Response: Runtime.releaseObjectGroup (id=15) (session_id=43A1723E6C1E73374116C0A93953C6AC) F2976C62E4DCE76891DD6D12CE8213FE {
}
Mar 07, 2025 4:37:05 PM org.openqa.selenium.devtools.CdpVersionFinder findNearestMatch
WARNING: Unable to find an exact match for CDP version 114, so returning the closest version found: 112
[1741347425.204][INFO]: [c370eba2140c99957d9312d8f3895bcc] COMMAND SetTimeouts {
   "implicit": 10000
}
[1741347425.204][INFO]: [c370eba2140c99957d9312d8f3895bcc] RESPONSE SetTimeouts
[1741347425.208][INFO]: [c370eba2140c99957d9312d8f3895bcc] COMMAND MaximizeWindow {
}
[1741347425.208][INFO]: Waiting for pending navigations...
[1741347425.208][DEBUG]: DevTools WebSocket Command: Runtime.evaluate (id=16) (session_id=43A1723E6C1E73374116C0A93953C6AC) F2976C62E4DCE76891DD6D12CE8213FE {
   "expression": "1"
}
[1741347425.209][DEBUG]: DevTools WebSocket Response: Runtime.evaluate (id=16) (session_id=43A1723E6C1E73374116C0A93953C6AC) F2976C62E4DCE76891DD6D12CE8213FE {
   "result": {
      "description": "1",
      "type": "number",
      "value": 1
   }
}
[1741347425.209][INFO]: Done waiting for pending navigations. Status: ok
[1741347425.209][DEBUG]: DevTools WebSocket Command: Browser.getWindowForTarget (id=17) (session_id=) browser {
   "targetId": "F2976C62E4DCE76891DD6D12CE8213FE"
}
[1741347425.210][DEBUG]: DevTools WebSocket Response: Browser.getWindowForTarget (id=17) (session_id=) browser {
   "bounds": {
      "height": 798,
      "left": 9,
      "top": 9,
      "width": 1051,
      "windowState": "normal"
   },
   "windowId": 525945530
}
[1741347425.210][DEBUG]: DevTools WebSocket Command: Browser.setWindowBounds (id=18) (session_id=) browser {
   "bounds": {
      "windowState": "maximized"
   },
   "windowId": 525945530
}
[1741347425.222][DEBUG]: DevTools WebSocket Response: Browser.setWindowBounds (id=18) (session_id=) browser {
}
[1741347425.325][DEBUG]: DevTools WebSocket Command: Browser.getWindowBounds (id=19) (session_id=) browser {
   "windowId": 525945530
}
[1741347425.325][DEBUG]: DevTools WebSocket Event: Page.frameResized (session_id=43A1723E6C1E73374116C0A93953C6AC) F2976C62E4DCE76891DD6D12CE8213FE {
}
[1741347425.326][DEBUG]: DevTools WebSocket Event: Page.frameResized (session_id=43A1723E6C1E73374116C0A93953C6AC) F2976C62E4DCE76891DD6D12CE8213FE {
}
[1741347425.326][DEBUG]: DevTools WebSocket Response: Browser.getWindowBounds (id=19) (session_id=) browser {
   "bounds": {
      "height": 832,
      "left": -8,
      "top": -8,
      "width": 1552,
      "windowState": "maximized"
   }
}
[1741347425.326][DEBUG]: DevTools WebSocket Command: Browser.getWindowForTarget (id=20) (session_id=) browser {
   "targetId": "F2976C62E4DCE76891DD6D12CE8213FE"
}
[1741347425.326][DEBUG]: DevTools WebSocket Response: Browser.getWindowForTarget (id=20) (session_id=) browser {
   "bounds": {
      "height": 832,
      "left": -8,
      "top": -8,
      "width": 1552,
      "windowState": "maximized"
   },
   "windowId": 525945530
}
[1741347425.326][INFO]: Waiting for pending navigations...
[1741347425.326][DEBUG]: DevTools WebSocket Command: Runtime.evaluate (id=21) (session_id=43A1723E6C1E73374116C0A93953C6AC) F2976C62E4DCE76891DD6D12CE8213FE {
   "expression": "1"
}
[1741347425.327][DEBUG]: DevTools WebSocket Response: Runtime.evaluate (id=21) (session_id=43A1723E6C1E73374116C0A93953C6AC) F2976C62E4DCE76891DD6D12CE8213FE {
   "result": {
      "description": "1",
      "type": "number",
      "value": 1
   }
}
[1741347425.327][INFO]: Done waiting for pending navigations. Status: ok
[1741347425.327][INFO]: [c370eba2140c99957d9312d8f3895bcc] RESPONSE MaximizeWindow {
   "height": 832,
   "width": 1552,
   "x": -8,
   "y": -8
}
[1741347425.345][INFO]: [c370eba2140c99957d9312d8f3895bcc] COMMAND Navigate {
   "url": "https://maas-uat.futurework.com.sa/login"
}
[1741347425.345][INFO]: Waiting for pending navigations...
[1741347425.345][DEBUG]: DevTools WebSocket Command: Runtime.evaluate (id=22) (session_id=43A1723E6C1E73374116C0A93953C6AC) F2976C62E4DCE76891DD6D12CE8213FE {
   "expression": "1"
}
[1741347425.346][DEBUG]: DevTools WebSocket Response: Runtime.evaluate (id=22) (session_id=43A1723E6C1E73374116C0A93953C6AC) F2976C62E4DCE76891DD6D12CE8213FE {
   "result": {
      "description": "1",
      "type": "number",
      "value": 1
   }
}
[1741347425.346][INFO]: Done waiting for pending navigations. Status: ok
[1741347425.347][DEBUG]: DevTools WebSocket Command: Page.navigate (id=23) (session_id=43A1723E6C1E73374116C0A93953C6AC) F2976C62E4DCE76891DD6D12CE8213FE {
   "url": "https://maas-uat.futurework.com.sa/login"
}
[1741347425.709][DEBUG]: DevTools WebSocket Response: Page.navigate (id=23) (session_id=43A1723E6C1E73374116C0A93953C6AC) F2976C62E4DCE76891DD6D12CE8213FE {
   "frameId": "F2976C62E4DCE76891DD6D12CE8213FE",
   "loaderId": "DC1A08DD8B41A591E3882FCE01EACE13"
}
[1741347425.709][DEBUG]: DevTools WebSocket Command: Runtime.evaluate (id=24) (session_id=43A1723E6C1E73374116C0A93953C6AC) F2976C62E4DCE76891DD6D12CE8213FE {
   "expression": "document.URL"
}
[1741347425.710][DEBUG]: DevTools WebSocket Event: Runtime.executionContextsCleared (session_id=43A1723E6C1E73374116C0A93953C6AC) F2976C62E4DCE76891DD6D12CE8213FE {
}
[1741347425.711][DEBUG]: DevTools WebSocket Event: Page.frameStartedLoading (session_id=43A1723E6C1E73374116C0A93953C6AC) F2976C62E4DCE76891DD6D12CE8213FE {
   "frameId": "F2976C62E4DCE76891DD6D12CE8213FE"
}
[1741347425.728][DEBUG]: DevTools WebSocket Event: Runtime.executionContextsCleared (session_id=43A1723E6C1E73374116C0A93953C6AC) F2976C62E4DCE76891DD6D12CE8213FE {
}
[1741347425.728][DEBUG]: DevTools WebSocket Event: Page.frameNavigated (session_id=43A1723E6C1E73374116C0A93953C6AC) F2976C62E4DCE76891DD6D12CE8213FE {
   "frame": {
      "adFrameStatus": {
         "adFrameType": "none"
      },
      "crossOriginIsolatedContextType": "NotIsolated",
      "domainAndRegistry": "futurework.com.sa",
      "gatedAPIFeatures": [  ],
      "id": "F2976C62E4DCE76891DD6D12CE8213FE",
      "loaderId": "DC1A08DD8B41A591E3882FCE01EACE13",
      "mimeType": "text/html",
      "secureContextType": "Secure",
      "securityOrigin": "https://maas-uat.futurework.com.sa",
      "url": "https://maas-uat.futurework.com.sa/login"
   },
   "type": "Navigation"
}
[1741347425.728][DEBUG]: DevTools WebSocket Event: Runtime.executionContextCreated (session_id=43A1723E6C1E73374116C0A93953C6AC) F2976C62E4DCE76891DD6D12CE8213FE {
   "context": {
      "auxData": {
         "frameId": "F2976C62E4DCE76891DD6D12CE8213FE",
         "isDefault": true,
         "type": "default"
      },
      "id": 1,
      "name": "",
      "origin": "https://maas-uat.futurework.com.sa",
      "uniqueId": "-6942648794307042400.-7805452207504835363"
   }
}
[1741347425.739][DEBUG]: DevTools WebSocket Response: Runtime.evaluate (id=24) (session_id=43A1723E6C1E73374116C0A93953C6AC) F2976C62E4DCE76891DD6D12CE8213FE {
   "result": {
      "type": "string",
      "value": "https://maas-uat.futurework.com.sa/login"
   }
}
[1741347425.739][INFO]: Waiting for pending navigations...
[1741347425.739][DEBUG]: DevTools WebSocket Event: Page.frameResized (session_id=43A1723E6C1E73374116C0A93953C6AC) F2976C62E4DCE76891DD6D12CE8213FE {
}
[1741347425.739][DEBUG]: DevTools WebSocket Command: Runtime.evaluate (id=25) (session_id=43A1723E6C1E73374116C0A93953C6AC) F2976C62E4DCE76891DD6D12CE8213FE {
   "expression": "1"
}
[1741347425.741][DEBUG]: DevTools WebSocket Response: Runtime.evaluate (id=25) (session_id=43A1723E6C1E73374116C0A93953C6AC) F2976C62E4DCE76891DD6D12CE8213FE {
   "result": {
      "description": "1",
      "type": "number",
      "value": 1
   }
}
[1741347426.254][DEBUG]: DevTools WebSocket Command: Runtime.evaluate (id=26) (session_id=43A1723E6C1E73374116C0A93953C6AC) F2976C62E4DCE76891DD6D12CE8213FE {
   "expression": "1"
}
[1741347426.256][DEBUG]: DevTools WebSocket Response: Runtime.evaluate (id=26) (session_id=43A1723E6C1E73374116C0A93953C6AC) F2976C62E4DCE76891DD6D12CE8213FE {
   "result": {
      "description": "1",
      "type": "number",
      "value": 1
   }
}
[1741347426.331][DEBUG]: DevTools WebSocket Event: Page.frameResized (session_id=43A1723E6C1E73374116C0A93953C6AC) F2976C62E4DCE76891DD6D12CE8213FE {
}
[1741347426.331][DEBUG]: DevTools WebSocket Command: Runtime.evaluate (id=27) (session_id=43A1723E6C1E73374116C0A93953C6AC) F2976C62E4DCE76891DD6D12CE8213FE {
   "expression": "1"
}
[1741347426.333][DEBUG]: DevTools WebSocket Response: Runtime.evaluate (id=27) (session_id=43A1723E6C1E73374116C0A93953C6AC) F2976C62E4DCE76891DD6D12CE8213FE {
   "result": {
      "description": "1",
      "type": "number",
      "value": 1
   }
}
[1741347426.512][DEBUG]: DevTools WebSocket Event: Page.frameAttached (session_id=43A1723E6C1E73374116C0A93953C6AC) F2976C62E4DCE76891DD6D12CE8213FE {
   "frameId": "3890F6AD04D35CF5BE95C773ED57B9C5",
   "parentFrameId": "F2976C62E4DCE76891DD6D12CE8213FE",
   "stack": {
      "callFrames": [ {
         "columnNumber": 441,
         "functionName": "vc",
         "lineNumber": 109,
         "scriptId": "17",
         "url": "https://www.googletagmanager.com/gtm.js?id=GTM-W957B3K7"
      }, {
         "columnNumber": 483,
         "functionName": "h.Wm",
         "lineNumber": 467,
         "scriptId": "17",
         "url": "https://www.googletagmanager.com/gtm.js?id=GTM-W957B3K7"
      }, {
         "columnNumber": 143,
         "functionName": "",
         "lineNumber": 467,
         "scriptId": "17",
         "url": "https://www.googletagmanager.com/gtm.js?id=GTM-W957B3K7"
      }, {
         "columnNumber": 21492,
         "functionName": "P.\u003Ccomputed>",
         "lineNumber": 0,
         "scriptId": "21",
         "url": "https://maas-uat.futurework.com.sa/polyfills-FFHMD2TL.js"
      }, {
         "columnNumber": 7067,
         "functionName": "invokeTask",
         "lineNumber": 0,
         "scriptId": "21",
         "url": "https://maas-uat.futurework.com.sa/polyfills-FFHMD2TL.js"
      }, {
         "columnNumber": 2374,
         "functionName": "runTask",
         "lineNumber": 0,
         "scriptId": "21",
         "url": "https://maas-uat.futurework.com.sa/polyfills-FFHMD2TL.js"
      }, {
         "columnNumber": 8143,
         "functionName": "invokeTask",
         "lineNumber": 0,
         "scriptId": "21",
         "url": "https://maas-uat.futurework.com.sa/polyfills-FFHMD2TL.js"
      }, {
         "columnNumber": 8044,
         "functionName": "E.g.useG.invoke",
         "lineNumber": 0,
         "scriptId": "21",
         "url": "https://maas-uat.futurework.com.sa/polyfills-FFHMD2TL.js"
      }, {
         "columnNumber": 21122,
         "functionName": "T._.args.\u003Ccomputed>",
         "lineNumber": 0,
         "scriptId": "21",
         "url": "https://maas-uat.futurework.com.sa/polyfills-FFHMD2TL.js"
      } ]
   }
}
[1741347426.512][DEBUG]: DevTools WebSocket Command: Runtime.evaluate (id=28) (session_id=43A1723E6C1E73374116C0A93953C6AC) F2976C62E4DCE76891DD6D12CE8213FE {
   "expression": "1"
}
[1741347426.512][DEBUG]: DevTools WebSocket Event: Page.frameStartedLoading (session_id=43A1723E6C1E73374116C0A93953C6AC) F2976C62E4DCE76891DD6D12CE8213FE {
   "frameId": "3890F6AD04D35CF5BE95C773ED57B9C5"
}
[1741347426.517][DEBUG]: DevTools WebSocket Event: Page.frameNavigated (session_id=43A1723E6C1E73374116C0A93953C6AC) F2976C62E4DCE76891DD6D12CE8213FE {
   "frame": {
      "adFrameStatus": {
         "adFrameType": "none",
         "explanations": [  ]
      },
      "crossOriginIsolatedContextType": "NotIsolated",
      "domainAndRegistry": "",
      "gatedAPIFeatures": [  ],
      "id": "3890F6AD04D35CF5BE95C773ED57B9C5",
      "loaderId": "C25B6F66CDE8EE90110464A4620C0521",
      "mimeType": "text/html",
      "name": "",
      "parentId": "F2976C62E4DCE76891DD6D12CE8213FE",
      "secureContextType": "Secure",
      "securityOrigin": "://",
      "url": "about:blank"
   },
   "type": "Navigation"
}
[1741347426.517][DEBUG]: DevTools WebSocket Event: Runtime.executionContextCreated (session_id=43A1723E6C1E73374116C0A93953C6AC) F2976C62E4DCE76891DD6D12CE8213FE {
   "context": {
      "auxData": {
         "frameId": "3890F6AD04D35CF5BE95C773ED57B9C5",
         "isDefault": true,
         "type": "default"
      },
      "id": 2,
      "name": "",
      "origin": "https://maas-uat.futurework.com.sa",
      "uniqueId": "2091879929775780282.-86576287034674723"
   }
}
[1741347426.517][DEBUG]: DevTools WebSocket Event: Page.frameStoppedLoading (session_id=43A1723E6C1E73374116C0A93953C6AC) F2976C62E4DCE76891DD6D12CE8213FE {
   "frameId": "3890F6AD04D35CF5BE95C773ED57B9C5"
}
[1741347426.519][DEBUG]: DevTools WebSocket Event: Page.frameAttached (session_id=43A1723E6C1E73374116C0A93953C6AC) F2976C62E4DCE76891DD6D12CE8213FE {
   "frameId": "83A3512841C5E8AA2EFE174BC82DC43A",
   "parentFrameId": "3890F6AD04D35CF5BE95C773ED57B9C5",
   "stack": {
      "callFrames": [ {
         "columnNumber": 263,
         "functionName": "q",
         "lineNumber": 468,
         "scriptId": "17",
         "url": "https://www.googletagmanager.com/gtm.js?id=GTM-W957B3K7"
      }, {
         "columnNumber": 489,
         "functionName": "h.Wm",
         "lineNumber": 468,
         "scriptId": "17",
         "url": "https://www.googletagmanager.com/gtm.js?id=GTM-W957B3K7"
      }, {
         "columnNumber": 143,
         "functionName": "",
         "lineNumber": 467,
         "scriptId": "17",
         "url": "https://www.googletagmanager.com/gtm.js?id=GTM-W957B3K7"
      }, {
         "columnNumber": 21492,
         "functionName": "P.\u003Ccomputed>",
         "lineNumber": 0,
         "scriptId": "21",
         "url": "https://maas-uat.futurework.com.sa/polyfills-FFHMD2TL.js"
      }, {
         "columnNumber": 7067,
         "functionName": "invokeTask",
         "lineNumber": 0,
         "scriptId": "21",
         "url": "https://maas-uat.futurework.com.sa/polyfills-FFHMD2TL.js"
      }, {
         "columnNumber": 2374,
         "functionName": "runTask",
         "lineNumber": 0,
         "scriptId": "21",
         "url": "https://maas-uat.futurework.com.sa/polyfills-FFHMD2TL.js"
      }, {
         "columnNumber": 8143,
         "functionName": "invokeTask",
         "lineNumber": 0,
         "scriptId": "21",
         "url": "https://maas-uat.futurework.com.sa/polyfills-FFHMD2TL.js"
      }, {
         "columnNumber": 8044,
         "functionName": "E.g.useG.invoke",
         "lineNumber": 0,
         "scriptId": "21",
         "url": "https://maas-uat.futurework.com.sa/polyfills-FFHMD2TL.js"
      }, {
         "columnNumber": 21122,
         "functionName": "T._.args.\u003Ccomputed>",
         "lineNumber": 0,
         "scriptId": "21",
         "url": "https://maas-uat.futurework.com.sa/polyfills-FFHMD2TL.js"
      } ]
   }
}
[1741347426.520][DEBUG]: DevTools WebSocket Event: Page.frameStartedLoading (session_id=43A1723E6C1E73374116C0A93953C6AC) F2976C62E4DCE76891DD6D12CE8213FE {
   "frameId": "83A3512841C5E8AA2EFE174BC82DC43A"
}
[1741347426.524][DEBUG]: DevTools WebSocket Response: Runtime.evaluate (id=28) (session_id=43A1723E6C1E73374116C0A93953C6AC) F2976C62E4DCE76891DD6D12CE8213FE {
   "result": {
      "description": "1",
      "type": "number",
      "value": 1
   }
}
[1741347426.784][DEBUG]: DevTools WebSocket Event: Target.attachedToTarget (session_id=43A1723E6C1E73374116C0A93953C6AC) F2976C62E4DCE76891DD6D12CE8213FE {
   "sessionId": "4E64800FFE3760B84294C32040C77BE1",
   "targetInfo": {
      "attached": true,
      "browserContextId": "536FAD72576695AD3FC43F08F5220E63",
      "canAccessOpener": false,
      "targetId": "83A3512841C5E8AA2EFE174BC82DC43A",
      "title": "",
      "type": "iframe",
      "url": ""
   },
   "waitingForDebugger": false
}
[1741347426.784][DEBUG]: DevTools WebSocket Command: Page.addScriptToEvaluateOnNewDocument (id=29) (session_id=4E64800FFE3760B84294C32040C77BE1) 4E64800FFE3760B84294C32040C77BE1 {
   "source": "(function () {window.cdc_adoQpoasnfa76pfcZLmcfl_Array = window.Array;window.cdc_adoQpoasnfa76pfcZLmcfl_Object = window.Object;window.cdc_adoQpoasnfa76pfcZLmcfl_Promise = window.Promise;window.cdc_a..."
}
[1741347426.785][DEBUG]: DevTools WebSocket Command: Runtime.evaluate (id=30) (session_id=4E64800FFE3760B84294C32040C77BE1) 4E64800FFE3760B84294C32040C77BE1 {
   "expression": "(function () {window.cdc_adoQpoasnfa76pfcZLmcfl_Array = window.Array;window.cdc_adoQpoasnfa76pfcZLmcfl_Object = window.Object;window.cdc_adoQpoasnfa76pfcZLmcfl_Promise = window.Promise;window.cdc_a..."
}
[1741347426.785][DEBUG]: DevTools WebSocket Command: Target.setAutoAttach (id=31) (session_id=4E64800FFE3760B84294C32040C77BE1) 4E64800FFE3760B84294C32040C77BE1 {
   "autoAttach": true,
   "flatten": true,
   "waitForDebuggerOnStart": false
}
[1741347426.785][DEBUG]: DevTools WebSocket Command: Page.enable (id=32) (session_id=4E64800FFE3760B84294C32040C77BE1) 4E64800FFE3760B84294C32040C77BE1 {
}
[1741347426.785][DEBUG]: DevTools WebSocket Command: Page.enable (id=33) (session_id=43A1723E6C1E73374116C0A93953C6AC) F2976C62E4DCE76891DD6D12CE8213FE {
}
[1741347426.792][DEBUG]: DevTools WebSocket Event: Target.targetInfoChanged (session_id=43A1723E6C1E73374116C0A93953C6AC) F2976C62E4DCE76891DD6D12CE8213FE {
   "targetInfo": {
      "attached": true,
      "browserContextId": "536FAD72576695AD3FC43F08F5220E63",
      "canAccessOpener": false,
      "targetId": "83A3512841C5E8AA2EFE174BC82DC43A",
      "title": "https://www.googletagmanager.com/static/service_worker/5230/sw_iframe.html?origin=https%3A%2F%2Fmaas-uat.futurework.com.sa",
      "type": "iframe",
      "url": "https://www.googletagmanager.com/static/service_worker/5230/sw_iframe.html?origin=https%3A%2F%2Fmaas-uat.futurework.com.sa"
   }
}
[1741347426.800][DEBUG]: DevTools WebSocket Response: Page.addScriptToEvaluateOnNewDocument (id=29) (session_id=4E64800FFE3760B84294C32040C77BE1) 4E64800FFE3760B84294C32040C77BE1 {
   "identifier": "1"
}
[1741347426.801][DEBUG]: DevTools WebSocket Response: Runtime.evaluate (id=30) (session_id=4E64800FFE3760B84294C32040C77BE1) 4E64800FFE3760B84294C32040C77BE1 {
   "result": {
      "type": "undefined"
   }
}
[1741347426.801][DEBUG]: DevTools WebSocket Response: Target.setAutoAttach (id=31) (session_id=4E64800FFE3760B84294C32040C77BE1) 4E64800FFE3760B84294C32040C77BE1 {
}
[1741347426.801][DEBUG]: DevTools WebSocket Response: Page.enable (id=32) (session_id=4E64800FFE3760B84294C32040C77BE1) 4E64800FFE3760B84294C32040C77BE1 {
}
[1741347426.813][DEBUG]: DevTools WebSocket Event: Page.loadEventFired (session_id=4E64800FFE3760B84294C32040C77BE1) 4E64800FFE3760B84294C32040C77BE1 {
   "timestamp": 49839.518569
}
[1741347426.813][DEBUG]: DevTools WebSocket Event: Page.frameStoppedLoading (session_id=4E64800FFE3760B84294C32040C77BE1) 4E64800FFE3760B84294C32040C77BE1 {
   "frameId": "83A3512841C5E8AA2EFE174BC82DC43A"
}
[1741347426.814][DEBUG]: DevTools WebSocket Event: Page.domContentEventFired (session_id=4E64800FFE3760B84294C32040C77BE1) 4E64800FFE3760B84294C32040C77BE1 {
   "timestamp": 49839.52093
}
[1741347426.832][DEBUG]: DevTools WebSocket Event: Log.entryAdded (session_id=43A1723E6C1E73374116C0A93953C6AC) F2976C62E4DCE76891DD6D12CE8213FE {
   "entry": {
      "level": "warning",
      "lineNumber": 291,
      "source": "other",
      "stackTrace": {
         "callFrames": [ {
            "columnNumber": 619,
            "functionName": "",
            "lineNumber": 291,
            "scriptId": "37",
            "url": "https://connect.facebook.net/en_US/fbevents.js"
         }, {
            "columnNumber": 1052,
            "functionName": "value",
            "lineNumber": 169,
            "scriptId": "37",
            "url": "https://connect.facebook.net/en_US/fbevents.js"
         }, {
            "columnNumber": 1310,
            "functionName": "value",
            "lineNumber": 169,
            "scriptId": "37",
            "url": "https://connect.facebook.net/en_US/fbevents.js"
         }, {
            "columnNumber": 12836,
            "functionName": "Fa.a.loadPlugin",
            "lineNumber": 314,
            "scriptId": "37",
            "url": "https://connect.facebook.net/en_US/fbevents.js"
         }, {
            "columnNumber": 4,
            "functionName": "plugin",
            "lineNumber": 319,
            "scriptId": "37",
            "url": "https://connect.facebook.net/en_US/fbevents.js"
         }, {
            "columnNumber": 1052,
            "functionName": "value",
            "lineNumber": 169,
            "scriptId": "37",
            "url": "https://connect.facebook.net/en_US/fbevents.js"
         }, {
            "columnNumber": 12884,
            "functionName": "Fa.a.registerPlugin",
            "lineNumber": 314,
            "scriptId": "37",
            "url": "https://connect.facebook.net/en_US/fbevents.js"
         }, {
            "columnNumber": 4,
            "functionName": "",
            "lineNumber": 317,
            "scriptId": "37",
            "url": "https://connect.facebook.net/en_US/fbevents.js"
         } ]
      },
      "text": "Unrecognized feature: 'attribution-reporting'.",
      "timestamp": 1.741347426835241e+12,
      "url": "https://connect.facebook.net/en_US/fbevents.js"
   }
}
[1741347426.841][DEBUG]: DevTools WebSocket Event: Target.attachedToTarget (session_id=43A1723E6C1E73374116C0A93953C6AC) F2976C62E4DCE76891DD6D12CE8213FE {
   "sessionId": "B2705DCE06CB20B3030F06318EC35982",
   "targetInfo": {
      "attached": true,
      "browserContextId": "536FAD72576695AD3FC43F08F5220E63",
      "canAccessOpener": false,
      "targetId": "04812C6A6C17524D7514E50A12E7D68B",
      "title": "Service Worker https://www.googletagmanager.com/static/service_worker/5230/sw.js?origin=https%3A%2F%2Fmaas-uat.futurework.com.sa",
      "type": "service_worker",
      "url": "https://www.googletagmanager.com/static/service_worker/5230/sw.js?origin=https%3A%2F%2Fmaas-uat.futurework.com.sa"
   },
   "waitingForDebugger": false
}
[1741347426.842][DEBUG]: DevTools WebSocket Response: Page.enable (id=33) (session_id=43A1723E6C1E73374116C0A93953C6AC) F2976C62E4DCE76891DD6D12CE8213FE {
}
[1741347426.842][DEBUG]: DevTools WebSocket Command: Runtime.enable (id=34) (session_id=4E64800FFE3760B84294C32040C77BE1) 4E64800FFE3760B84294C32040C77BE1 {
}
[1741347426.844][DEBUG]: DevTools WebSocket Event: Page.frameStoppedLoading (session_id=43A1723E6C1E73374116C0A93953C6AC) F2976C62E4DCE76891DD6D12CE8213FE {
   "frameId": "83A3512841C5E8AA2EFE174BC82DC43A"
}
[1741347426.846][DEBUG]: DevTools WebSocket Event: Runtime.executionContextCreated (session_id=4E64800FFE3760B84294C32040C77BE1) 4E64800FFE3760B84294C32040C77BE1 {
   "context": {
      "auxData": {
         "frameId": "83A3512841C5E8AA2EFE174BC82DC43A",
         "isDefault": true,
         "type": "default"
      },
      "id": 1,
      "name": "",
      "origin": "https://www.googletagmanager.com",
      "uniqueId": "-7062833567386013230.-5472231146535787106"
   }
}
[1741347426.846][DEBUG]: DevTools WebSocket Response: Runtime.enable (id=34) (session_id=4E64800FFE3760B84294C32040C77BE1) 4E64800FFE3760B84294C32040C77BE1 {
}
[1741347426.846][DEBUG]: DevTools WebSocket Command: Page.enable (id=35) (session_id=4E64800FFE3760B84294C32040C77BE1) 4E64800FFE3760B84294C32040C77BE1 {
}
[1741347426.846][DEBUG]: DevTools WebSocket Event: Page.frameDetached (session_id=43A1723E6C1E73374116C0A93953C6AC) F2976C62E4DCE76891DD6D12CE8213FE {
   "frameId": "83A3512841C5E8AA2EFE174BC82DC43A",
   "reason": "swap"
}
[1741347426.851][DEBUG]: DevTools WebSocket Response: Page.enable (id=35) (session_id=4E64800FFE3760B84294C32040C77BE1) 4E64800FFE3760B84294C32040C77BE1 {
}
[1741347426.851][DEBUG]: DevTools WebSocket Command: Runtime.evaluate (id=36) (session_id=43A1723E6C1E73374116C0A93953C6AC) F2976C62E4DCE76891DD6D12CE8213FE {
   "expression": "1"
}
[1741347426.853][DEBUG]: DevTools WebSocket Response: Runtime.evaluate (id=36) (session_id=43A1723E6C1E73374116C0A93953C6AC) F2976C62E4DCE76891DD6D12CE8213FE {
   "result": {
      "description": "1",
      "type": "number",
      "value": 1
   }
}
[1741347426.853][DEBUG]: DevTools WebSocket Command: Runtime.evaluate (id=37) (session_id=43A1723E6C1E73374116C0A93953C6AC) F2976C62E4DCE76891DD6D12CE8213FE {
   "expression": "document",
   "objectGroup": "0a546e2a-edf9-41fc-a1f3-45d2a98b6c76"
}
[1741347426.855][DEBUG]: DevTools WebSocket Response: Runtime.evaluate (id=37) (session_id=43A1723E6C1E73374116C0A93953C6AC) F2976C62E4DCE76891DD6D12CE8213FE {
   "result": {
      "className": "HTMLDocument",
      "description": "#document",
      "objectId": "5920981833020314707.1.1",
      "subtype": "node",
      "type": "object"
   }
}
[1741347426.855][DEBUG]: DevTools WebSocket Command: DOM.describeNode (id=38) (session_id=43A1723E6C1E73374116C0A93953C6AC) F2976C62E4DCE76891DD6D12CE8213FE {
   "objectId": "5920981833020314707.1.1"
}
[1741347426.857][DEBUG]: DevTools WebSocket Response: DOM.describeNode (id=38) (session_id=43A1723E6C1E73374116C0A93953C6AC) F2976C62E4DCE76891DD6D12CE8213FE {
   "node": {
      "backendNodeId": 1,
      "baseURL": "https://maas-uat.futurework.com.sa/",
      "childNodeCount": 2,
      "compatibilityMode": "NoQuirksMode",
      "documentURL": "https://maas-uat.futurework.com.sa/login",
      "localName": "",
      "nodeId": 0,
      "nodeName": "#document",
      "nodeType": 9,
      "nodeValue": "",
      "xmlVersion": ""
   }
}
[1741347426.857][DEBUG]: DevTools WebSocket Command: Runtime.releaseObjectGroup (id=39) (session_id=43A1723E6C1E73374116C0A93953C6AC) F2976C62E4DCE76891DD6D12CE8213FE {
   "objectGroup": "0a546e2a-edf9-41fc-a1f3-45d2a98b6c76"
}
[1741347426.857][DEBUG]: DevTools WebSocket Command: Runtime.evaluate (id=40) (session_id=43A1723E6C1E73374116C0A93953C6AC) F2976C62E4DCE76891DD6D12CE8213FE {
   "awaitPromise": false,
   "expression": "document.readyState",
   "returnByValue": true,
   "uniqueContextId": "-6942648794307042400.-7805452207504835363"
}
[1741347426.858][DEBUG]: DevTools WebSocket Response: Runtime.releaseObjectGroup (id=39) (session_id=43A1723E6C1E73374116C0A93953C6AC) F2976C62E4DCE76891DD6D12CE8213FE {
}
[1741347426.858][DEBUG]: DevTools WebSocket Response: Runtime.evaluate (id=40) (session_id=43A1723E6C1E73374116C0A93953C6AC) F2976C62E4DCE76891DD6D12CE8213FE {
   "result": {
      "type": "string",
      "value": "interactive"
   }
}
[1741347427.207][DEBUG]: DevTools WebSocket Event: Page.domContentEventFired (session_id=43A1723E6C1E73374116C0A93953C6AC) F2976C62E4DCE76891DD6D12CE8213FE {
   "timestamp": 49839.913923
}
[1741347427.207][DEBUG]: DevTools WebSocket Command: Runtime.evaluate (id=41) (session_id=43A1723E6C1E73374116C0A93953C6AC) F2976C62E4DCE76891DD6D12CE8213FE {
   "expression": "1"
}
[1741347427.218][DEBUG]: DevTools WebSocket Response: Runtime.evaluate (id=41) (session_id=43A1723E6C1E73374116C0A93953C6AC) F2976C62E4DCE76891DD6D12CE8213FE {
   "result": {
      "description": "1",
      "type": "number",
      "value": 1
   }
}
[1741347427.727][DEBUG]: DevTools WebSocket Command: Runtime.evaluate (id=42) (session_id=43A1723E6C1E73374116C0A93953C6AC) F2976C62E4DCE76891DD6D12CE8213FE {
   "expression": "1"
}
[1741347427.729][DEBUG]: DevTools WebSocket Response: Runtime.evaluate (id=42) (session_id=43A1723E6C1E73374116C0A93953C6AC) F2976C62E4DCE76891DD6D12CE8213FE {
   "result": {
      "description": "1",
      "type": "number",
      "value": 1
   }
}
[1741347427.864][DEBUG]: DevTools WebSocket Event: Page.navigatedWithinDocument (session_id=43A1723E6C1E73374116C0A93953C6AC) F2976C62E4DCE76891DD6D12CE8213FE {
   "frameId": "F2976C62E4DCE76891DD6D12CE8213FE",
   "url": "https://maas-uat.futurework.com.sa/login"
}
[1741347427.864][DEBUG]: DevTools WebSocket Command: Runtime.evaluate (id=43) (session_id=43A1723E6C1E73374116C0A93953C6AC) F2976C62E4DCE76891DD6D12CE8213FE {
   "expression": "1"
}
[1741347427.888][DEBUG]: DevTools WebSocket Response: Runtime.evaluate (id=43) (session_id=43A1723E6C1E73374116C0A93953C6AC) F2976C62E4DCE76891DD6D12CE8213FE {
   "result": {
      "description": "1",
      "type": "number",
      "value": 1
   }
}
[1741347427.894][DEBUG]: DevTools WebSocket Event: Log.entryAdded (session_id=43A1723E6C1E73374116C0A93953C6AC) F2976C62E4DCE76891DD6D12CE8213FE {
   "entry": {
      "args": [ {
         "className": "HTMLInputElement",
         "description": "input.form-control.border-0.ng-untouched.ng-pristine.ng-invalid",
         "objectId": "5920981833020314707.1.2",
         "subtype": "node",
         "type": "object"
      } ],
      "level": "verbose",
      "source": "recommendation",
      "text": "[DOM] Input elements should have autocomplete attributes (suggested: \"current-password\"): (More info: https://goo.gl/9p2vKq) %o",
      "timestamp": 1.741347427895577e+12,
      "url": "https://maas-uat.futurework.com.sa/login"
   }
}
[1741347427.894][DEBUG]: DevTools WebSocket Command: Runtime.evaluate (id=44) (session_id=43A1723E6C1E73374116C0A93953C6AC) F2976C62E4DCE76891DD6D12CE8213FE {
   "expression": "1"
}
[1741347427.895][DEBUG]: DevTools WebSocket Response: Runtime.evaluate (id=44) (session_id=43A1723E6C1E73374116C0A93953C6AC) F2976C62E4DCE76891DD6D12CE8213FE {
   "result": {
      "description": "1",
      "type": "number",
      "value": 1
   }
}
[1741347427.922][DEBUG]: DevTools WebSocket Event: Page.frameAttached (session_id=43A1723E6C1E73374116C0A93953C6AC) F2976C62E4DCE76891DD6D12CE8213FE {
   "frameId": "A4B93062EDE213F4A156D9C1B2BE2FF0",
   "parentFrameId": "F2976C62E4DCE76891DD6D12CE8213FE",
   "stack": {
      "callFrames": [ {
         "columnNumber": 147083,
         "functionName": "",
         "lineNumber": 3,
         "scriptId": "53",
         "url": "https://script.hotjar.com/modules.ef5986d046c68a8c77c1.js"
      }, {
         "columnNumber": 147101,
         "functionName": "s",
         "lineNumber": 3,
         "scriptId": "53",
         "url": "https://script.hotjar.com/modules.ef5986d046c68a8c77c1.js"
      }, {
         "columnNumber": 146165,
         "functionName": "7698",
         "lineNumber": 3,
         "scriptId": "53",
         "url": "https://script.hotjar.com/modules.ef5986d046c68a8c77c1.js"
      }, {
         "columnNumber": 227093,
         "functionName": "n",
         "lineNumber": 3,
         "scriptId": "53",
         "url": "https://script.hotjar.com/modules.ef5986d046c68a8c77c1.js"
      }, {
         "columnNumber": 144721,
         "functionName": "1469",
         "lineNumber": 3,
         "scriptId": "53",
         "url": "https://script.hotjar.com/modules.ef5986d046c68a8c77c1.js"
      }, {
         "columnNumber": 227093,
         "functionName": "n",
         "lineNumber": 3,
         "scriptId": "53",
         "url": "https://script.hotjar.com/modules.ef5986d046c68a8c77c1.js"
      }, {
         "columnNumber": 75901,
         "functionName": "4931",
         "lineNumber": 3,
         "scriptId": "53",
         "url": "https://script.hotjar.com/modules.ef5986d046c68a8c77c1.js"
      }, {
         "columnNumber": 227093,
         "functionName": "n",
         "lineNumber": 3,
         "scriptId": "53",
         "url": "https://script.hotjar.com/modules.ef5986d046c68a8c77c1.js"
      }, {
         "columnNumber": 228294,
         "functionName": "",
         "lineNumber": 3,
         "scriptId": "53",
         "url": "https://script.hotjar.com/modules.ef5986d046c68a8c77c1.js"
      }, {
         "columnNumber": 228487,
         "functionName": "",
         "lineNumber": 3,
         "scriptId": "53",
         "url": "https://script.hotjar.com/modules.ef5986d046c68a8c77c1.js"
      }, {
         "columnNumber": 228490,
         "functionName": "",
         "lineNumber": 3,
         "scriptId": "53",
         "url": "https://script.hotjar.com/modules.ef5986d046c68a8c77c1.js"
      } ]
   }
}
[1741347427.922][DEBUG]: DevTools WebSocket Command: Runtime.evaluate (id=45) (session_id=43A1723E6C1E73374116C0A93953C6AC) F2976C62E4DCE76891DD6D12CE8213FE {
   "expression": "1"
}
[1741347427.922][DEBUG]: DevTools WebSocket Event: Page.frameStartedLoading (session_id=43A1723E6C1E73374116C0A93953C6AC) F2976C62E4DCE76891DD6D12CE8213FE {
   "frameId": "A4B93062EDE213F4A156D9C1B2BE2FF0"
}
[1741347427.926][DEBUG]: DevTools WebSocket Event: Page.frameNavigated (session_id=43A1723E6C1E73374116C0A93953C6AC) F2976C62E4DCE76891DD6D12CE8213FE {
   "frame": {
      "adFrameStatus": {
         "adFrameType": "none",
         "explanations": [  ]
      },
      "crossOriginIsolatedContextType": "NotIsolated",
      "domainAndRegistry": "",
      "gatedAPIFeatures": [  ],
      "id": "A4B93062EDE213F4A156D9C1B2BE2FF0",
      "loaderId": "247B497CF9EF70A43751A730016B6DF5",
      "mimeType": "text/html",
      "name": "_hjSafeContext_76188799",
      "parentId": "F2976C62E4DCE76891DD6D12CE8213FE",
      "secureContextType": "Secure",
      "securityOrigin": "://",
      "url": "about:blank"
   },
   "type": "Navigation"
}
[1741347427.926][DEBUG]: DevTools WebSocket Event: Runtime.executionContextCreated (session_id=43A1723E6C1E73374116C0A93953C6AC) F2976C62E4DCE76891DD6D12CE8213FE {
   "context": {
      "auxData": {
         "frameId": "A4B93062EDE213F4A156D9C1B2BE2FF0",
         "isDefault": true,
         "type": "default"
      },
      "id": 3,
      "name": "",
      "origin": "https://maas-uat.futurework.com.sa",
      "uniqueId": "7008314599211071489.-3233207629561669083"
   }
}
[1741347427.926][DEBUG]: DevTools WebSocket Event: Page.frameStoppedLoading (session_id=43A1723E6C1E73374116C0A93953C6AC) F2976C62E4DCE76891DD6D12CE8213FE {
   "frameId": "A4B93062EDE213F4A156D9C1B2BE2FF0"
}
[1741347427.979][DEBUG]: DevTools WebSocket Response: Runtime.evaluate (id=45) (session_id=43A1723E6C1E73374116C0A93953C6AC) F2976C62E4DCE76891DD6D12CE8213FE {
   "result": {
      "description": "1",
      "type": "number",
      "value": 1
   }
}
[1741347428.394][DEBUG]: DevTools WebSocket Event: Page.loadEventFired (session_id=43A1723E6C1E73374116C0A93953C6AC) F2976C62E4DCE76891DD6D12CE8213FE {
   "timestamp": 49841.096881
}
[1741347428.395][DEBUG]: DevTools WebSocket Command: Runtime.evaluate (id=46) (session_id=43A1723E6C1E73374116C0A93953C6AC) F2976C62E4DCE76891DD6D12CE8213FE {
   "awaitPromise": false,
   "expression": "document.readyState",
   "returnByValue": true,
   "uniqueContextId": "-6942648794307042400.-7805452207504835363"
}
[1741347428.395][DEBUG]: DevTools WebSocket Event: Page.frameStoppedLoading (session_id=43A1723E6C1E73374116C0A93953C6AC) F2976C62E4DCE76891DD6D12CE8213FE {
   "frameId": "F2976C62E4DCE76891DD6D12CE8213FE"
}
[1741347428.400][DEBUG]: DevTools WebSocket Response: Runtime.evaluate (id=46) (session_id=43A1723E6C1E73374116C0A93953C6AC) F2976C62E4DCE76891DD6D12CE8213FE {
   "result": {
      "type": "string",
      "value": "complete"
   }
}
[1741347428.401][DEBUG]: DevTools WebSocket Command: Runtime.evaluate (id=47) (session_id=43A1723E6C1E73374116C0A93953C6AC) F2976C62E4DCE76891DD6D12CE8213FE {
   "expression": "1"
}
[1741347428.403][DEBUG]: DevTools WebSocket Response: Runtime.evaluate (id=47) (session_id=43A1723E6C1E73374116C0A93953C6AC) F2976C62E4DCE76891DD6D12CE8213FE {
   "result": {
      "description": "1",
      "type": "number",
      "value": 1
   }
}
[1741347428.403][INFO]: Done waiting for pending navigations. Status: ok
[1741347428.403][INFO]: [c370eba2140c99957d9312d8f3895bcc] RESPONSE Navigate
[1741347428.471][INFO]: [c370eba2140c99957d9312d8f3895bcc] COMMAND FindElement {
   "using": "xpath",
   "value": "//*[@id='navbarSupportedContent']//button[contains(@class, 'mx-2') and contains(@class, 'btn') and contains(@class, 'lang-btn')]"
}
[1741347428.471][INFO]: Waiting for pending navigations...
[1741347428.472][DEBUG]: DevTools WebSocket Command: Runtime.evaluate (id=48) (session_id=43A1723E6C1E73374116C0A93953C6AC) F2976C62E4DCE76891DD6D12CE8213FE {
   "expression": "1"
}
[1741347428.474][DEBUG]: DevTools WebSocket Response: Runtime.evaluate (id=48) (session_id=43A1723E6C1E73374116C0A93953C6AC) F2976C62E4DCE76891DD6D12CE8213FE {
   "result": {
      "description": "1",
      "type": "number",
      "value": 1
   }
}
[1741347428.474][INFO]: Done waiting for pending navigations. Status: ok
[1741347428.476][DEBUG]: DevTools WebSocket Command: Page.getFrameTree (id=49) (session_id=43A1723E6C1E73374116C0A93953C6AC) F2976C62E4DCE76891DD6D12CE8213FE {
}
[1741347428.479][DEBUG]: DevTools WebSocket Response: Page.getFrameTree (id=49) (session_id=43A1723E6C1E73374116C0A93953C6AC) F2976C62E4DCE76891DD6D12CE8213FE {
   "frameTree": {
      "childFrames": [ {
         "frame": {
            "adFrameStatus": {
               "adFrameType": "none",
               "explanations": [  ]
            },
            "crossOriginIsolatedContextType": "NotIsolated",
            "domainAndRegistry": "",
            "gatedAPIFeatures": [  ],
            "id": "3890F6AD04D35CF5BE95C773ED57B9C5",
            "loaderId": "C25B6F66CDE8EE90110464A4620C0521",
            "mimeType": "text/html",
            "name": "",
            "parentId": "F2976C62E4DCE76891DD6D12CE8213FE",
            "secureContextType": "Secure",
            "securityOrigin": "://",
            "url": "about:blank"
         }
      }, {
         "frame": {
            "adFrameStatus": {
               "adFrameType": "none",
               "explanations": [  ]
            },
            "crossOriginIsolatedContextType": "NotIsolated",
            "domainAndRegistry": "",
            "gatedAPIFeatures": [  ],
            "id": "A4B93062EDE213F4A156D9C1B2BE2FF0",
            "loaderId": "247B497CF9EF70A43751A730016B6DF5",
            "mimeType": "text/html",
            "name": "_hjSafeContext_76188799",
            "parentId": "F2976C62E4DCE76891DD6D12CE8213FE",
            "secureContextType": "Secure",
            "securityOrigin": "://",
            "url": "about:blank"
         }
      } ],
      "frame": {
         "adFrameStatus": {
            "adFrameType": "none"
         },
         "crossOriginIsolatedContextType": "NotIsolated",
         "domainAndRegistry": "futurework.com.sa",
         "gatedAPIFeatures": [  ],
         "id": "F2976C62E4DCE76891DD6D12CE8213FE",
         "loaderId": "DC1A08DD8B41A591E3882FCE01EACE13",
         "mimeType": "text/html",
         "secureContextType": "Secure",
         "securityOrigin": "https://maas-uat.futurework.com.sa",
         "url": "https://maas-uat.futurework.com.sa/login"
      }
   }
}
[1741347428.479][DEBUG]: DevTools WebSocket Command: Page.getFrameTree (id=50) (session_id=43A1723E6C1E73374116C0A93953C6AC) F2976C62E4DCE76891DD6D12CE8213FE {
}
[1741347428.483][DEBUG]: DevTools WebSocket Response: Page.getFrameTree (id=50) (session_id=43A1723E6C1E73374116C0A93953C6AC) F2976C62E4DCE76891DD6D12CE8213FE {
   "frameTree": {
      "childFrames": [ {
         "frame": {
            "adFrameStatus": {
               "adFrameType": "none",
               "explanations": [  ]
            },
            "crossOriginIsolatedContextType": "NotIsolated",
            "domainAndRegistry": "",
            "gatedAPIFeatures": [  ],
            "id": "3890F6AD04D35CF5BE95C773ED57B9C5",
            "loaderId": "C25B6F66CDE8EE90110464A4620C0521",
            "mimeType": "text/html",
            "name": "",
            "parentId": "F2976C62E4DCE76891DD6D12CE8213FE",
            "secureContextType": "Secure",
            "securityOrigin": "://",
            "url": "about:blank"
         }
      }, {
         "frame": {
            "adFrameStatus": {
               "adFrameType": "none",
               "explanations": [  ]
            },
            "crossOriginIsolatedContextType": "NotIsolated",
            "domainAndRegistry": "",
            "gatedAPIFeatures": [  ],
            "id": "A4B93062EDE213F4A156D9C1B2BE2FF0",
            "loaderId": "247B497CF9EF70A43751A730016B6DF5",
            "mimeType": "text/html",
            "name": "_hjSafeContext_76188799",
            "parentId": "F2976C62E4DCE76891DD6D12CE8213FE",
            "secureContextType": "Secure",
            "securityOrigin": "://",
            "url": "about:blank"
         }
      } ],
      "frame": {
         "adFrameStatus": {
            "adFrameType": "none"
         },
         "crossOriginIsolatedContextType": "NotIsolated",
         "domainAndRegistry": "futurework.com.sa",
         "gatedAPIFeatures": [  ],
         "id": "F2976C62E4DCE76891DD6D12CE8213FE",
         "loaderId": "DC1A08DD8B41A591E3882FCE01EACE13",
         "mimeType": "text/html",
         "secureContextType": "Secure",
         "securityOrigin": "https://maas-uat.futurework.com.sa",
         "url": "https://maas-uat.futurework.com.sa/login"
      }
   }
}
[1741347428.491][DEBUG]: DevTools WebSocket Command: Runtime.callFunctionOn (id=51) (session_id=43A1723E6C1E73374116C0A93953C6AC) F2976C62E4DCE76891DD6D12CE8213FE {
   "arguments": [  ],
   "awaitPromise": true,
   "functionDeclaration": "function(){ return (function() { // Copyright 2012 The Chromium Authors\n// Use of this source code is governed by a BSD-style license that can be\n// found in the LICENSE file.\n\n/**\n * Enum for WebD...",
   "generateWebDriverValue": true,
   "objectGroup": "e772ffe7-5fcb-43b5-84c6-a7f81f7822f5",
   "uniqueContextId": "-6942648794307042400.-7805452207504835363"
}
[1741347428.591][DEBUG]: DevTools WebSocket Response: Runtime.callFunctionOn (id=51) (session_id=43A1723E6C1E73374116C0A93953C6AC) F2976C62E4DCE76891DD6D12CE8213FE {
   "result": {
      "className": "Array",
      "description": "Array(2)",
      "objectId": "5920981833020314707.1.3",
      "subtype": "array",
      "type": "object",
      "webDriverValue": {
         "type": "array",
         "value": [ {
            "type": "string",
            "value": "{\"status\":0,\"value\":{\"element-6066-11e4-a52e-4f735466cecf\":0}}"
         }, {
            "type": "node",
            "value": {
               "attributes": {
                  "_ngcontent-ng-c1132783514": "",
                  "class": "mx-2 btn lang-btn"
               },
               "backendNodeId": 16,
               "childNodeCount": 1,
               "localName": "button",
               "namespaceURI": "http://www.w3.org/1999/xhtml",
               "nodeType": 1
            }
         } ]
      }
   }
}
[1741347428.591][DEBUG]: DevTools WebSocket Command: Runtime.releaseObjectGroup (id=52) (session_id=43A1723E6C1E73374116C0A93953C6AC) F2976C62E4DCE76891DD6D12CE8213FE {
   "objectGroup": "e772ffe7-5fcb-43b5-84c6-a7f81f7822f5"
}
[1741347428.591][INFO]: Waiting for pending navigations...
[1741347428.591][DEBUG]: DevTools WebSocket Command: Runtime.evaluate (id=53) (session_id=43A1723E6C1E73374116C0A93953C6AC) F2976C62E4DCE76891DD6D12CE8213FE {
   "expression": "1"
}
[1741347428.592][DEBUG]: DevTools WebSocket Response: Runtime.releaseObjectGroup (id=52) (session_id=43A1723E6C1E73374116C0A93953C6AC) F2976C62E4DCE76891DD6D12CE8213FE {
}
[1741347428.593][DEBUG]: DevTools WebSocket Response: Runtime.evaluate (id=53) (session_id=43A1723E6C1E73374116C0A93953C6AC) F2976C62E4DCE76891DD6D12CE8213FE {
   "result": {
      "description": "1",
      "type": "number",
      "value": 1
   }
}
[1741347428.593][INFO]: Done waiting for pending navigations. Status: ok
[1741347428.593][INFO]: [c370eba2140c99957d9312d8f3895bcc] RESPONSE FindElement {
   "element-6066-11e4-a52e-4f735466cecf": "DC1A08DD8B41A591E3882FCE01EACE13_element_16"
}
[1741347428.598][INFO]: [c370eba2140c99957d9312d8f3895bcc] COMMAND ClickElement {
   "id": "DC1A08DD8B41A591E3882FCE01EACE13_element_16"
}
[1741347428.598][INFO]: Waiting for pending navigations...
[1741347428.598][DEBUG]: DevTools WebSocket Command: Runtime.evaluate (id=54) (session_id=43A1723E6C1E73374116C0A93953C6AC) F2976C62E4DCE76891DD6D12CE8213FE {
   "expression": "1"
}
[1741347428.642][DEBUG]: DevTools WebSocket Response: Runtime.evaluate (id=54) (session_id=43A1723E6C1E73374116C0A93953C6AC) F2976C62E4DCE76891DD6D12CE8213FE {
   "result": {
      "description": "1",
      "type": "number",
      "value": 1
   }
}
[1741347428.642][INFO]: Done waiting for pending navigations. Status: ok
[1741347428.642][DEBUG]: DevTools WebSocket Command: Page.getFrameTree (id=55) (session_id=43A1723E6C1E73374116C0A93953C6AC) F2976C62E4DCE76891DD6D12CE8213FE {
}
[1741347428.644][DEBUG]: DevTools WebSocket Response: Page.getFrameTree (id=55) (session_id=43A1723E6C1E73374116C0A93953C6AC) F2976C62E4DCE76891DD6D12CE8213FE {
   "frameTree": {
      "childFrames": [ {
         "frame": {
            "adFrameStatus": {
               "adFrameType": "none",
               "explanations": [  ]
            },
            "crossOriginIsolatedContextType": "NotIsolated",
            "domainAndRegistry": "",
            "gatedAPIFeatures": [  ],
            "id": "3890F6AD04D35CF5BE95C773ED57B9C5",
            "loaderId": "C25B6F66CDE8EE90110464A4620C0521",
            "mimeType": "text/html",
            "name": "",
            "parentId": "F2976C62E4DCE76891DD6D12CE8213FE",
            "secureContextType": "Secure",
            "securityOrigin": "://",
            "url": "about:blank"
         }
      }, {
         "frame": {
            "adFrameStatus": {
               "adFrameType": "none",
               "explanations": [  ]
            },
            "crossOriginIsolatedContextType": "NotIsolated",
            "domainAndRegistry": "",
            "gatedAPIFeatures": [  ],
            "id": "A4B93062EDE213F4A156D9C1B2BE2FF0",
            "loaderId": "247B497CF9EF70A43751A730016B6DF5",
            "mimeType": "text/html",
            "name": "_hjSafeContext_76188799",
            "parentId": "F2976C62E4DCE76891DD6D12CE8213FE",
            "secureContextType": "Secure",
            "securityOrigin": "://",
            "url": "about:blank"
         }
      } ],
      "frame": {
         "adFrameStatus": {
            "adFrameType": "none"
         },
         "crossOriginIsolatedContextType": "NotIsolated",
         "domainAndRegistry": "futurework.com.sa",
         "gatedAPIFeatures": [  ],
         "id": "F2976C62E4DCE76891DD6D12CE8213FE",
         "loaderId": "DC1A08DD8B41A591E3882FCE01EACE13",
         "mimeType": "text/html",
         "secureContextType": "Secure",
         "securityOrigin": "https://maas-uat.futurework.com.sa",
         "url": "https://maas-uat.futurework.com.sa/login"
      }
   }
}
[1741347428.644][DEBUG]: DevTools WebSocket Command: DOM.resolveNode (id=56) (session_id=43A1723E6C1E73374116C0A93953C6AC) F2976C62E4DCE76891DD6D12CE8213FE {
   "backendNodeId": 16,
   "objectGroup": "26d219f0-8571-43f3-8861-4f571d86a6a8"
}
[1741347428.695][DEBUG]: DevTools WebSocket Response: DOM.resolveNode (id=56) (session_id=43A1723E6C1E73374116C0A93953C6AC) F2976C62E4DCE76891DD6D12CE8213FE {
   "object": {
      "className": "HTMLButtonElement",
      "description": "button.mx-2.btn.lang-btn",
      "objectId": "5920981833020314707.1.4",
      "subtype": "node",
      "type": "object"
   }
}
[1741347428.695][DEBUG]: DevTools WebSocket Command: Page.getFrameTree (id=57) (session_id=43A1723E6C1E73374116C0A93953C6AC) F2976C62E4DCE76891DD6D12CE8213FE {
}
[1741347428.696][DEBUG]: DevTools WebSocket Response: Page.getFrameTree (id=57) (session_id=43A1723E6C1E73374116C0A93953C6AC) F2976C62E4DCE76891DD6D12CE8213FE {
   "frameTree": {
      "childFrames": [ {
         "frame": {
            "adFrameStatus": {
               "adFrameType": "none",
               "explanations": [  ]
            },
            "crossOriginIsolatedContextType": "NotIsolated",
            "domainAndRegistry": "",
            "gatedAPIFeatures": [  ],
            "id": "3890F6AD04D35CF5BE95C773ED57B9C5",
            "loaderId": "C25B6F66CDE8EE90110464A4620C0521",
            "mimeType": "text/html",
            "name": "",
            "parentId": "F2976C62E4DCE76891DD6D12CE8213FE",
            "secureContextType": "Secure",
            "securityOrigin": "://",
            "url": "about:blank"
         }
      }, {
         "frame": {
            "adFrameStatus": {
               "adFrameType": "none",
               "explanations": [  ]
            },
            "crossOriginIsolatedContextType": "NotIsolated",
            "domainAndRegistry": "",
            "gatedAPIFeatures": [  ],
            "id": "A4B93062EDE213F4A156D9C1B2BE2FF0",
            "loaderId": "247B497CF9EF70A43751A730016B6DF5",
            "mimeType": "text/html",
            "name": "_hjSafeContext_76188799",
            "parentId": "F2976C62E4DCE76891DD6D12CE8213FE",
            "secureContextType": "Secure",
            "securityOrigin": "://",
            "url": "about:blank"
         }
      } ],
      "frame": {
         "adFrameStatus": {
            "adFrameType": "none"
         },
         "crossOriginIsolatedContextType": "NotIsolated",
         "domainAndRegistry": "futurework.com.sa",
         "gatedAPIFeatures": [  ],
         "id": "F2976C62E4DCE76891DD6D12CE8213FE",
         "loaderId": "DC1A08DD8B41A591E3882FCE01EACE13",
         "mimeType": "text/html",
         "secureContextType": "Secure",
         "securityOrigin": "https://maas-uat.futurework.com.sa",
         "url": "https://maas-uat.futurework.com.sa/login"
      }
   }
}
[1741347428.696][DEBUG]: DevTools WebSocket Command: Runtime.callFunctionOn (id=58) (session_id=43A1723E6C1E73374116C0A93953C6AC) F2976C62E4DCE76891DD6D12CE8213FE {
   "arguments": [ {
      "objectId": "5920981833020314707.1.4"
   } ],
   "awaitPromise": true,
   "functionDeclaration": "function(){ return (function() { // Copyright 2012 The Chromium Authors\n// Use of this source code is governed by a BSD-style license that can be\n// found in the LICENSE file.\n\n/**\n * Enum for WebD...",
   "generateWebDriverValue": true,
   "objectGroup": "26d219f0-8571-43f3-8861-4f571d86a6a8",
   "uniqueContextId": "-6942648794307042400.-7805452207504835363"
}
[1741347428.699][DEBUG]: DevTools WebSocket Response: Runtime.callFunctionOn (id=58) (session_id=43A1723E6C1E73374116C0A93953C6AC) F2976C62E4DCE76891DD6D12CE8213FE {
   "result": {
      "className": "Array",
      "description": "Array(1)",
      "objectId": "5920981833020314707.1.5",
      "subtype": "array",
      "type": "object",
      "webDriverValue": {
         "type": "array",
         "value": [ {
            "type": "string",
            "value": "{\"status\":0,\"value\":\"button\"}"
         } ]
      }
   }
}
[1741347428.699][DEBUG]: DevTools WebSocket Command: Runtime.releaseObjectGroup (id=59) (session_id=43A1723E6C1E73374116C0A93953C6AC) F2976C62E4DCE76891DD6D12CE8213FE {
   "objectGroup": "26d219f0-8571-43f3-8861-4f571d86a6a8"
}
[1741347428.699][DEBUG]: DevTools WebSocket Command: Page.getFrameTree (id=60) (session_id=43A1723E6C1E73374116C0A93953C6AC) F2976C62E4DCE76891DD6D12CE8213FE {
}
[1741347428.700][DEBUG]: DevTools WebSocket Response: Runtime.releaseObjectGroup (id=59) (session_id=43A1723E6C1E73374116C0A93953C6AC) F2976C62E4DCE76891DD6D12CE8213FE {
}
[1741347428.700][DEBUG]: DevTools WebSocket Response: Page.getFrameTree (id=60) (session_id=43A1723E6C1E73374116C0A93953C6AC) F2976C62E4DCE76891DD6D12CE8213FE {
   "frameTree": {
      "childFrames": [ {
         "frame": {
            "adFrameStatus": {
               "adFrameType": "none",
               "explanations": [  ]
            },
            "crossOriginIsolatedContextType": "NotIsolated",
            "domainAndRegistry": "",
            "gatedAPIFeatures": [  ],
            "id": "3890F6AD04D35CF5BE95C773ED57B9C5",
            "loaderId": "C25B6F66CDE8EE90110464A4620C0521",
            "mimeType": "text/html",
            "name": "",
            "parentId": "F2976C62E4DCE76891DD6D12CE8213FE",
            "secureContextType": "Secure",
            "securityOrigin": "://",
            "url": "about:blank"
         }
      }, {
         "frame": {
            "adFrameStatus": {
               "adFrameType": "none",
               "explanations": [  ]
            },
            "crossOriginIsolatedContextType": "NotIsolated",
            "domainAndRegistry": "",
            "gatedAPIFeatures": [  ],
            "id": "A4B93062EDE213F4A156D9C1B2BE2FF0",
            "loaderId": "247B497CF9EF70A43751A730016B6DF5",
            "mimeType": "text/html",
            "name": "_hjSafeContext_76188799",
            "parentId": "F2976C62E4DCE76891DD6D12CE8213FE",
            "secureContextType": "Secure",
            "securityOrigin": "://",
            "url": "about:blank"
         }
      } ],
      "frame": {
         "adFrameStatus": {
            "adFrameType": "none"
         },
         "crossOriginIsolatedContextType": "NotIsolated",
         "domainAndRegistry": "futurework.com.sa",
         "gatedAPIFeatures": [  ],
         "id": "F2976C62E4DCE76891DD6D12CE8213FE",
         "loaderId": "DC1A08DD8B41A591E3882FCE01EACE13",
         "mimeType": "text/html",
         "secureContextType": "Secure",
         "securityOrigin": "https://maas-uat.futurework.com.sa",
         "url": "https://maas-uat.futurework.com.sa/login"
      }
   }
}
[1741347428.709][DEBUG]: DevTools WebSocket Command: DOM.resolveNode (id=61) (session_id=43A1723E6C1E73374116C0A93953C6AC) F2976C62E4DCE76891DD6D12CE8213FE {
   "backendNodeId": 16,
   "objectGroup": "e6b1a327-29da-49fa-af8e-501c9f850ab7"
}
[1741347428.711][DEBUG]: DevTools WebSocket Response: DOM.resolveNode (id=61) (session_id=43A1723E6C1E73374116C0A93953C6AC) F2976C62E4DCE76891DD6D12CE8213FE {
   "object": {
      "className": "HTMLButtonElement",
      "description": "button.mx-2.btn.lang-btn",
      "objectId": "5920981833020314707.1.6",
      "subtype": "node",
      "type": "object"
   }
}
[1741347428.711][DEBUG]: DevTools WebSocket Command: Page.getFrameTree (id=62) (session_id=43A1723E6C1E73374116C0A93953C6AC) F2976C62E4DCE76891DD6D12CE8213FE {
}
[1741347428.714][DEBUG]: DevTools WebSocket Response: Page.getFrameTree (id=62) (session_id=43A1723E6C1E73374116C0A93953C6AC) F2976C62E4DCE76891DD6D12CE8213FE {
   "frameTree": {
      "childFrames": [ {
         "frame": {
            "adFrameStatus": {
               "adFrameType": "none",
               "explanations": [  ]
            },
            "crossOriginIsolatedContextType": "NotIsolated",
            "domainAndRegistry": "",
            "gatedAPIFeatures": [  ],
            "id": "3890F6AD04D35CF5BE95C773ED57B9C5",
            "loaderId": "C25B6F66CDE8EE90110464A4620C0521",
            "mimeType": "text/html",
            "name": "",
            "parentId": "F2976C62E4DCE76891DD6D12CE8213FE",
            "secureContextType": "Secure",
            "securityOrigin": "://",
            "url": "about:blank"
         }
      }, {
         "frame": {
            "adFrameStatus": {
               "adFrameType": "none",
               "explanations": [  ]
            },
            "crossOriginIsolatedContextType": "NotIsolated",
            "domainAndRegistry": "",
            "gatedAPIFeatures": [  ],
            "id": "A4B93062EDE213F4A156D9C1B2BE2FF0",
            "loaderId": "247B497CF9EF70A43751A730016B6DF5",
            "mimeType": "text/html",
            "name": "_hjSafeContext_76188799",
            "parentId": "F2976C62E4DCE76891DD6D12CE8213FE",
            "secureContextType": "Secure",
            "securityOrigin": "://",
            "url": "about:blank"
         }
      } ],
      "frame": {
         "adFrameStatus": {
            "adFrameType": "none"
         },
         "crossOriginIsolatedContextType": "NotIsolated",
         "domainAndRegistry": "futurework.com.sa",
         "gatedAPIFeatures": [  ],
         "id": "F2976C62E4DCE76891DD6D12CE8213FE",
         "loaderId": "DC1A08DD8B41A591E3882FCE01EACE13",
         "mimeType": "text/html",
         "secureContextType": "Secure",
         "securityOrigin": "https://maas-uat.futurework.com.sa",
         "url": "https://maas-uat.futurework.com.sa/login"
      }
   }
}
[...]
         "frame": {
            "adFrameStatus": {
               "adFrameType": "none",
               "explanations": [  ]
            },
            "crossOriginIsolatedContextType": "NotIsolated",
            "domainAndRegistry": "",
            "gatedAPIFeatures": [  ],
            "id": "3890F6AD04D35CF5BE95C773ED57B9C5",
            "loaderId": "C25B6F66CDE8EE90110464A4620C0521",
            "mimeType": "text/html",
            "name": "",
            "parentId": "F2976C62E4DCE76891DD6D12CE8213FE",
            "secureContextType": "Secure",
            "securityOrigin": "://",
            "url": "about:blank"
         }
      }, {
         "frame": {
            "adFrameStatus": {
               "adFrameType": "none",
               "explanations": [  ]
            },
            "crossOriginIsolatedContextType": "NotIsolated",
            "domainAndRegistry": "",
            "gatedAPIFeatures": [  ],
            "id": "A4B93062EDE213F4A156D9C1B2BE2FF0",
            "loaderId": "247B497CF9EF70A43751A730016B6DF5",
            "mimeType": "text/html",
            "name": "_hjSafeContext_76188799",
            "parentId": "F2976C62E4DCE76891DD6D12CE8213FE",
            "secureContextType": "Secure",
            "securityOrigin": "://",
            "url": "about:blank"
         }
      } ],
      "frame": {
         "adFrameStatus": {
            "adFrameType": "none"
         },
         "crossOriginIsolatedContextType": "NotIsolated",
         "domainAndRegistry": "futurework.com.sa",
         "gatedAPIFeatures": [  ],
         "id": "F2976C62E4DCE76891DD6D12CE8213FE",
         "loaderId": "DC1A08DD8B41A591E3882FCE01EACE13",
         "mimeType": "text/html",
         "secureContextType": "Secure",
         "securityOrigin": "https://maas-uat.futurework.com.sa",
         "url": "https://maas-uat.futurework.com.sa/login"
      }
   }
}
[1741347429.835][DEBUG]: DevTools WebSocket Command: Runtime.callFunctionOn (id=328) (session_id=43A1723E6C1E73374116C0A93953C6AC) F2976C62E4DCE76891DD6D12CE8213FE {
   "arguments": [ {
      "objectId": "5920981833020314707.1.59"
   } ],
   "awaitPromise": true,
   "functionDeclaration": "function(){ return (function() { // Copyright 2012 The Chromium Authors\n// Use of this source code is governed by a BSD-style license that can be\n// found in the LICENSE file.\n\n/**\n * Enum for WebD...",
   "generateWebDriverValue": true,
   "objectGroup": "6528e499-1907-455f-890f-fc870ce7332c",
   "uniqueContextId": "-6942648794307042400.-7805452207504835363"
}
[1741347429.838][DEBUG]: DevTools WebSocket Response: Runtime.callFunctionOn (id=328) (session_id=43A1723E6C1E73374116C0A93953C6AC) F2976C62E4DCE76891DD6D12CE8213FE {
   "result": {
      "className": "Array",
      "description": "Array(1)",
      "objectId": "5920981833020314707.1.60",
      "subtype": "array",
      "type": "object",
      "webDriverValue": {
         "type": "array",
         "value": [ {
            "type": "string",
            "value": "{\"status\":0,\"value\":{\"left\":0,\"top\":0,\"height\":50,\"width\":350}}"
         } ]
      }
   }
}
[1741347429.838][DEBUG]: DevTools WebSocket Command: Runtime.releaseObjectGroup (id=329) (session_id=43A1723E6C1E73374116C0A93953C6AC) F2976C62E4DCE76891DD6D12CE8213FE {
   "objectGroup": "6528e499-1907-455f-890f-fc870ce7332c"
}
[1741347429.838][DEBUG]: DevTools WebSocket Command: Page.getFrameTree (id=330) (session_id=43A1723E6C1E73374116C0A93953C6AC) F2976C62E4DCE76891DD6D12CE8213FE {
}
[1741347429.839][DEBUG]: DevTools WebSocket Response: Runtime.releaseObjectGroup (id=329) (session_id=43A1723E6C1E73374116C0A93953C6AC) F2976C62E4DCE76891DD6D12CE8213FE {
}
[1741347429.841][DEBUG]: DevTools WebSocket Response: Page.getFrameTree (id=330) (session_id=43A1723E6C1E73374116C0A93953C6AC) F2976C62E4DCE76891DD6D12CE8213FE {
   "frameTree": {
      "childFrames": [ {
         "frame": {
            "adFrameStatus": {
               "adFrameType": "none",
               "explanations": [  ]
            },
            "crossOriginIsolatedContextType": "NotIsolated",
            "domainAndRegistry": "",
            "gatedAPIFeatures": [  ],
            "id": "3890F6AD04D35CF5BE95C773ED57B9C5",
            "loaderId": "C25B6F66CDE8EE90110464A4620C0521",
            "mimeType": "text/html",
            "name": "",
            "parentId": "F2976C62E4DCE76891DD6D12CE8213FE",
            "secureContextType": "Secure",
            "securityOrigin": "://",
            "url": "about:blank"
         }
      }, {
         "frame": {
            "adFrameStatus": {
               "adFrameType": "none",
               "explanations": [  ]
            },
            "crossOriginIsolatedContextType": "NotIsolated",
            "domainAndRegistry": "",
            "gatedAPIFeatures": [  ],
            "id": "A4B93062EDE213F4A156D9C1B2BE2FF0",
            "loaderId": "247B497CF9EF70A43751A730016B6DF5",
            "mimeType": "text/html",
            "name": "_hjSafeContext_76188799",
            "parentId": "F2976C62E4DCE76891DD6D12CE8213FE",
            "secureContextType": "Secure",
            "securityOrigin": "://",
            "url": "about:blank"
         }
      } ],
      "frame": {
         "adFrameStatus": {
            "adFrameType": "none"
         },
         "crossOriginIsolatedContextType": "NotIsolated",
         "domainAndRegistry": "futurework.com.sa",
         "gatedAPIFeatures": [  ],
         "id": "F2976C62E4DCE76891DD6D12CE8213FE",
         "loaderId": "DC1A08DD8B41A591E3882FCE01EACE13",
         "mimeType": "text/html",
         "secureContextType": "Secure",
         "securityOrigin": "https://maas-uat.futurework.com.sa",
         "url": "https://maas-uat.futurework.com.sa/login"
      }
   }
}
[1741347429.886][DEBUG]: DevTools WebSocket Command: DOM.resolveNode (id=331) (session_id=43A1723E6C1E73374116C0A93953C6AC) F2976C62E4DCE76891DD6D12CE8213FE {
   "backendNodeId": 42,
   "objectGroup": "034f1ada-564b-4c99-b944-25f2778501f6"
}
[1741347429.899][DEBUG]: DevTools WebSocket Response: DOM.resolveNode (id=331) (session_id=43A1723E6C1E73374116C0A93953C6AC) F2976C62E4DCE76891DD6D12CE8213FE {
   "object": {
      "className": "HTMLButtonElement",
      "description": "button.login--button.mattgreen-color-bg.p-2.btn-round.btn-block.btn",
      "objectId": "5920981833020314707.1.61",
      "subtype": "node",
      "type": "object"
   }
}
[1741347429.900][DEBUG]: DevTools WebSocket Command: Page.getFrameTree (id=332) (session_id=43A1723E6C1E73374116C0A93953C6AC) F2976C62E4DCE76891DD6D12CE8213FE {
}
[1741347429.905][DEBUG]: DevTools WebSocket Response: Page.getFrameTree (id=332) (session_id=43A1723E6C1E73374116C0A93953C6AC) F2976C62E4DCE76891DD6D12CE8213FE {
   "frameTree": {
      "childFrames": [ {
         "frame": {
            "adFrameStatus": {
               "adFrameType": "none",
               "explanations": [  ]
            },
            "crossOriginIsolatedContextType": "NotIsolated",
            "domainAndRegistry": "",
            "gatedAPIFeatures": [  ],
            "id": "3890F6AD04D35CF5BE95C773ED57B9C5",
            "loaderId": "C25B6F66CDE8EE90110464A4620C0521",
            "mimeType": "text/html",
            "name": "",
            "parentId": "F2976C62E4DCE76891DD6D12CE8213FE",
            "secureContextType": "Secure",
            "securityOrigin": "://",
            "url": "about:blank"
         }
      }, {
         "frame": {
            "adFrameStatus": {
               "adFrameType": "none",
               "explanations": [  ]
            },
            "crossOriginIsolatedContextType": "NotIsolated",
            "domainAndRegistry": "",
            "gatedAPIFeatures": [  ],
            "id": "A4B93062EDE213F4A156D9C1B2BE2FF0",
            "loaderId": "247B497CF9EF70A43751A730016B6DF5",
            "mimeType": "text/html",
            "name": "_hjSafeContext_76188799",
            "parentId": "F2976C62E4DCE76891DD6D12CE8213FE",
            "secureContextType": "Secure",
            "securityOrigin": "://",
            "url": "about:blank"
         }
      } ],
      "frame": {
         "adFrameStatus": {
            "adFrameType": "none"
         },
         "crossOriginIsolatedContextType": "NotIsolated",
         "domainAndRegistry": "futurework.com.sa",
         "gatedAPIFeatures": [  ],
         "id": "F2976C62E4DCE76891DD6D12CE8213FE",
         "loaderId": "DC1A08DD8B41A591E3882FCE01EACE13",
         "mimeType": "text/html",
         "secureContextType": "Secure",
         "securityOrigin": "https://maas-uat.futurework.com.sa",
         "url": "https://maas-uat.futurework.com.sa/login"
      }
   }
}
[1741347429.907][DEBUG]: DevTools WebSocket Command: Runtime.callFunctionOn (id=333) (session_id=43A1723E6C1E73374116C0A93953C6AC) F2976C62E4DCE76891DD6D12CE8213FE {
   "arguments": [ {
      "objectId": "5920981833020314707.1.61"
   } ],
   "awaitPromise": true,
   "functionDeclaration": "function(){ return (function() { // Copyright 2012 The Chromium Authors\n// Use of this source code is governed by a BSD-style license that can be\n// found in the LICENSE file.\n\n/**\n * Enum for WebD...",
   "generateWebDriverValue": true,
   "objectGroup": "034f1ada-564b-4c99-b944-25f2778501f6",
   "uniqueContextId": "-6942648794307042400.-7805452207504835363"
}
[1741347429.920][DEBUG]: DevTools WebSocket Response: Runtime.callFunctionOn (id=333) (session_id=43A1723E6C1E73374116C0A93953C6AC) F2976C62E4DCE76891DD6D12CE8213FE {
   "result": {
      "className": "Array",
      "description": "Array(1)",
      "objectId": "5920981833020314707.1.62",
      "subtype": "array",
      "type": "object",
      "webDriverValue": {
         "type": "array",
         "value": [ {
            "type": "string",
            "value": "{\"status\":0,\"value\":{\"x\":584.5875244140625,\"y\":596.6000366210938,\"clone\":{},\"ceil\":{},\"floor\":{},\"round\":{},\"translate\":{},\"scale\":{}}}"
         } ]
      }
   }
}
[1741347429.920][DEBUG]: DevTools WebSocket Command: Runtime.releaseObjectGroup (id=334) (session_id=43A1723E6C1E73374116C0A93953C6AC) F2976C62E4DCE76891DD6D12CE8213FE {
   "objectGroup": "034f1ada-564b-4c99-b944-25f2778501f6"
}
[1741347429.921][DEBUG]: DevTools WebSocket Command: Page.getFrameTree (id=335) (session_id=43A1723E6C1E73374116C0A93953C6AC) F2976C62E4DCE76891DD6D12CE8213FE {
}
[1741347429.921][DEBUG]: DevTools WebSocket Response: Runtime.releaseObjectGroup (id=334) (session_id=43A1723E6C1E73374116C0A93953C6AC) F2976C62E4DCE76891DD6D12CE8213FE {
}
[1741347429.931][DEBUG]: DevTools WebSocket Response: Page.getFrameTree (id=335) (session_id=43A1723E6C1E73374116C0A93953C6AC) F2976C62E4DCE76891DD6D12CE8213FE {
   "frameTree": {
      "childFrames": [ {
         "frame": {
            "adFrameStatus": {
               "adFrameType": "none",
               "explanations": [  ]
            },
            "crossOriginIsolatedContextType": "NotIsolated",
            "domainAndRegistry": "",
            "gatedAPIFeatures": [  ],
            "id": "3890F6AD04D35CF5BE95C773ED57B9C5",
            "loaderId": "C25B6F66CDE8EE90110464A4620C0521",
            "mimeType": "text/html",
            "name": "",
            "parentId": "F2976C62E4DCE76891DD6D12CE8213FE",
            "secureContextType": "Secure",
            "securityOrigin": "://",
            "url": "about:blank"
         }
      }, {
         "frame": {
            "adFrameStatus": {
               "adFrameType": "none",
               "explanations": [  ]
            },
            "crossOriginIsolatedContextType": "NotIsolated",
            "domainAndRegistry": "",
            "gatedAPIFeatures": [  ],
            "id": "A4B93062EDE213F4A156D9C1B2BE2FF0",
            "loaderId": "247B497CF9EF70A43751A730016B6DF5",
            "mimeType": "text/html",
            "name": "_hjSafeContext_76188799",
            "parentId": "F2976C62E4DCE76891DD6D12CE8213FE",
            "secureContextType": "Secure",
            "securityOrigin": "://",
            "url": "about:blank"
         }
      } ],
      "frame": {
         "adFrameStatus": {
            "adFrameType": "none"
         },
         "crossOriginIsolatedContextType": "NotIsolated",
         "domainAndRegistry": "futurework.com.sa",
         "gatedAPIFeatures": [  ],
         "id": "F2976C62E4DCE76891DD6D12CE8213FE",
         "loaderId": "DC1A08DD8B41A591E3882FCE01EACE13",
         "mimeType": "text/html",
         "secureContextType": "Secure",
         "securityOrigin": "https://maas-uat.futurework.com.sa",
         "url": "https://maas-uat.futurework.com.sa/login"
      }
   }
}
[1741347429.931][DEBUG]: DevTools WebSocket Command: DOM.resolveNode (id=336) (session_id=43A1723E6C1E73374116C0A93953C6AC) F2976C62E4DCE76891DD6D12CE8213FE {
   "backendNodeId": 42,
   "objectGroup": "9debc280-3743-4f6b-b1cc-14b80ea43f74"
}
[1741347429.938][DEBUG]: DevTools WebSocket Response: DOM.resolveNode (id=336) (session_id=43A1723E6C1E73374116C0A93953C6AC) F2976C62E4DCE76891DD6D12CE8213FE {
   "object": {
      "className": "HTMLButtonElement",
      "description": "button.login--button.mattgreen-color-bg.p-2.btn-round.btn-block.btn",
      "objectId": "5920981833020314707.1.63",
      "subtype": "node",
      "type": "object"
   }
}
[1741347429.938][DEBUG]: DevTools WebSocket Command: Page.getFrameTree (id=337) (session_id=43A1723E6C1E73374116C0A93953C6AC) F2976C62E4DCE76891DD6D12CE8213FE {
}
[1741347429.939][DEBUG]: DevTools WebSocket Response: Page.getFrameTree (id=337) (session_id=43A1723E6C1E73374116C0A93953C6AC) F2976C62E4DCE76891DD6D12CE8213FE {
   "frameTree": {
      "childFrames": [ {
         "frame": {
            "adFrameStatus": {
               "adFrameType": "none",
               "explanations": [  ]
            },
            "crossOriginIsolatedContextType": "NotIsolated",
            "domainAndRegistry": "",
            "gatedAPIFeatures": [  ],
            "id": "3890F6AD04D35CF5BE95C773ED57B9C5",
            "loaderId": "C25B6F66CDE8EE90110464A4620C0521",
            "mimeType": "text/html",
            "name": "",
            "parentId": "F2976C62E4DCE76891DD6D12CE8213FE",
            "secureContextType": "Secure",
            "securityOrigin": "://",
            "url": "about:blank"
         }
      }, {
         "frame": {
            "adFrameStatus": {
               "adFrameType": "none",
               "explanations": [  ]
            },
            "crossOriginIsolatedContextType": "NotIsolated",
            "domainAndRegistry": "",
            "gatedAPIFeatures": [  ],
            "id": "A4B93062EDE213F4A156D9C1B2BE2FF0",
            "loaderId": "247B497CF9EF70A43751A730016B6DF5",
            "mimeType": "text/html",
            "name": "_hjSafeContext_76188799",
            "parentId": "F2976C62E4DCE76891DD6D12CE8213FE",
            "secureContextType": "Secure",
            "securityOrigin": "://",
            "url": "about:blank"
         }
      } ],
      "frame": {
         "adFrameStatus": {
            "adFrameType": "none"
         },
         "crossOriginIsolatedContextType": "NotIsolated",
         "domainAndRegistry": "futurework.com.sa",
         "gatedAPIFeatures": [  ],
         "id": "F2976C62E4DCE76891DD6D12CE8213FE",
         "loaderId": "DC1A08DD8B41A591E3882FCE01EACE13",
         "mimeType": "text/html",
         "secureContextType": "Secure",
         "securityOrigin": "https://maas-uat.futurework.com.sa",
         "url": "https://maas-uat.futurework.com.sa/login"
      }
   }
}
[1741347429.940][DEBUG]: DevTools WebSocket Command: Runtime.callFunctionOn (id=338) (session_id=43A1723E6C1E73374116C0A93953C6AC) F2976C62E4DCE76891DD6D12CE8213FE {
   "arguments": [ {
      "objectId": "5920981833020314707.1.63"
   } ],
   "awaitPromise": true,
   "functionDeclaration": "function(){ return (function() { // Copyright 2012 The Chromium Authors\n// Use of this source code is governed by a BSD-style license that can be\n// found in the LICENSE file.\n\n/**\n * Enum for WebD...",
   "generateWebDriverValue": true,
   "objectGroup": "9debc280-3743-4f6b-b1cc-14b80ea43f74",
   "uniqueContextId": "-6942648794307042400.-7805452207504835363"
}
[1741347429.952][DEBUG]: DevTools WebSocket Response: Runtime.callFunctionOn (id=338) (session_id=43A1723E6C1E73374116C0A93953C6AC) F2976C62E4DCE76891DD6D12CE8213FE {
   "result": {
      "className": "Array",
      "description": "Array(1)",
      "objectId": "5920981833020314707.1.64",
      "subtype": "array",
      "type": "object",
      "webDriverValue": {
         "type": "array",
         "value": [ {
            "type": "string",
            "value": "{\"status\":0,\"value\":{\"clickable\":true}}"
         } ]
      }
   }
}
[1741347429.953][DEBUG]: DevTools WebSocket Command: Runtime.releaseObjectGroup (id=339) (session_id=43A1723E6C1E73374116C0A93953C6AC) F2976C62E4DCE76891DD6D12CE8213FE {
   "objectGroup": "9debc280-3743-4f6b-b1cc-14b80ea43f74"
}
[1741347429.954][DEBUG]: DevTools WebSocket Command: Input.dispatchMouseEvent (id=340) (session_id=43A1723E6C1E73374116C0A93953C6AC) F2976C62E4DCE76891DD6D12CE8213FE {
   "button": "none",
   "buttons": 0,
   "clickCount": 0,
   "force": 0.0,
   "modifiers": 0,
   "pointerType": "mouse",
   "tangentialPressure": 0.0,
   "tiltX": 0,
   "tiltY": 0,
   "twist": 0,
   "type": "mouseMoved",
   "x": 759,
   "y": 621
}
[1741347429.955][DEBUG]: DevTools WebSocket Command: Input.dispatchMouseEvent (id=341) (session_id=43A1723E6C1E73374116C0A93953C6AC) F2976C62E4DCE76891DD6D12CE8213FE {
   "button": "left",
   "buttons": 0,
   "clickCount": 1,
   "force": 0.0,
   "modifiers": 0,
   "pointerType": "mouse",
   "tangentialPressure": 0.0,
   "tiltX": 0,
   "tiltY": 0,
   "twist": 0,
   "type": "mousePressed",
   "x": 759,
   "y": 621
}
[1741347429.956][DEBUG]: DevTools WebSocket Command: Input.dispatchMouseEvent (id=342) (session_id=43A1723E6C1E73374116C0A93953C6AC) F2976C62E4DCE76891DD6D12CE8213FE {
   "button": "left",
   "buttons": 1,
   "clickCount": 1,
   "force": 0.0,
   "modifiers": 0,
   "pointerType": "mouse",
   "tangentialPressure": 0.0,
   "tiltX": 0,
   "tiltY": 0,
   "twist": 0,
   "type": "mouseReleased",
   "x": 759,
   "y": 621
}
[1741347429.964][DEBUG]: DevTools WebSocket Response: Runtime.releaseObjectGroup (id=339) (session_id=43A1723E6C1E73374116C0A93953C6AC) F2976C62E4DCE76891DD6D12CE8213FE {
}
[1741347429.964][DEBUG]: DevTools WebSocket Response: Input.dispatchMouseEvent (id=340) (session_id=43A1723E6C1E73374116C0A93953C6AC) F2976C62E4DCE76891DD6D12CE8213FE {
}
[1741347429.970][DEBUG]: DevTools WebSocket Response: Input.dispatchMouseEvent (id=341) (session_id=43A1723E6C1E73374116C0A93953C6AC) F2976C62E4DCE76891DD6D12CE8213FE {
}
[1741347429.994][DEBUG]: DevTools WebSocket Response: Input.dispatchMouseEvent (id=342) (session_id=43A1723E6C1E73374116C0A93953C6AC) F2976C62E4DCE76891DD6D12CE8213FE {
}
[1741347429.994][INFO]: Waiting for pending navigations...
[1741347429.994][DEBUG]: DevTools WebSocket Command: Runtime.evaluate (id=343) (session_id=43A1723E6C1E73374116C0A93953C6AC) F2976C62E4DCE76891DD6D12CE8213FE {
   "expression": "1"
}
[1741347430.001][DEBUG]: DevTools WebSocket Response: Runtime.evaluate (id=343) (session_id=43A1723E6C1E73374116C0A93953C6AC) F2976C62E4DCE76891DD6D12CE8213FE {
   "result": {
      "description": "1",
      "type": "number",
      "value": 1
   }
}
[1741347430.001][INFO]: Done waiting for pending navigations. Status: ok
[1741347430.001][INFO]: [c370eba2140c99957d9312d8f3895bcc] RESPONSE ClickElement
]]></system-err>
  </testcase>
</testsuite>