<?xml version="1.0" encoding="UTF-8"?>
<testng-results ignored="0" total="1" passed="1" failed="0" skipped="0">
  <reporter-output>
  </reporter-output>
  <suite started-at="2025-04-22T02:38:50 PKT" name="Default suite" finished-at="2025-04-22T02:39:23 PKT" duration-ms="33182">
    <groups>
    </groups>
    <test started-at="2025-04-22T02:38:50 PKT" name="Default test" finished-at="2025-04-22T02:39:23 PKT" duration-ms="33182">
      <class name="tests.RegistrationTest">
        <test-method is-config="true" signature="setup()[pri:0, instance:tests.RegistrationTest@6c6cb480]" started-at="2025-04-22T02:38:50 PKT" name="setup" finished-at="2025-04-22T02:38:54 PKT" duration-ms="3745" status="PASS">
          <reporter-output>
          </reporter-output>
        </test-method> <!-- setup -->
        <test-method signature="testUserRegistration()[pri:1, instance:tests.RegistrationTest@6c6cb480]" started-at="2025-04-22T02:38:54 PKT" name="testUserRegistration" finished-at="2025-04-22T02:39:22 PKT" duration-ms="28848" status="PASS">
          <reporter-output>
          </reporter-output>
        </test-method> <!-- testUserRegistration -->
        <test-method is-config="true" signature="teardown()[pri:0, instance:tests.RegistrationTest@6c6cb480]" started-at="2025-04-22T02:39:22 PKT" name="teardown" finished-at="2025-04-22T02:39:23 PKT" duration-ms="557" status="PASS">
          <reporter-output>
          </reporter-output>
        </test-method> <!-- teardown -->
      </class> <!-- tests.RegistrationTest -->
    </test> <!-- Default test -->
  </suite> <!-- Default suite -->
</testng-results>
