<?xml version="1.0" encoding="UTF-8"?>
<!-- Generated by org.testng.reporters.JUnitXMLReporter -->
<testsuite ignored="0" hostname="UmarDurrani" failures="2" tests="2" name="Surefire test" time="53.484" errors="0" timestamp="2025-03-07T16:37:26 PKT">
  <testcase classname="tests.RegistrationTest" name="testUserRegistration" time="25.921">
    <failure type="java.lang.AssertionError" message="Registration failed! expected [true] but found [false]">
      <![CDATA[java.lang.AssertionError: Registration failed! expected [true] but found [false]
at tests.RegistrationTest.testUserRegistration(RegistrationTest.java:36)
at java.base/java.util.ArrayList.forEach(ArrayList.java:1511)
... Removed 35 stack frames]]>
    </failure>
  </testcase> <!-- testUserRegistration -->
  <testcase classname="tests.LoginTest" name="testLoginWithOTP" time="20.28">
    <failure type="java.lang.AssertionError" message="OTP extraction failed.">
      <![CDATA[java.lang.AssertionError: OTP extraction failed.
at tests.LoginTest.testLoginWithOTP(LoginTest.java:37)
at java.base/java.util.ArrayList.forEach(ArrayList.java:1511)
... Removed 33 stack frames]]>
    </failure>
  </testcase> <!-- testLoginWithOTP -->
</testsuite> <!-- Surefire test -->
