<?xml version="1.0" encoding="UTF-8"?>
<testng-results ignored="0" total="2" passed="2" failed="0" skipped="0">
  <reporter-output>
  </reporter-output>
  <suite started-at="2025-04-25T17:07:02 PKT" name="Default suite" finished-at="2025-04-25T17:08:03 PKT" duration-ms="61574">
    <groups>
    </groups>
    <test started-at="2025-04-25T17:07:02 PKT" name="Default test" finished-at="2025-04-25T17:08:03 PKT" duration-ms="61574">
      <class name="tests.RegistrationTest">
        <test-method is-config="true" signature="setup()[pri:0, instance:tests.RegistrationTest@6f03482]" started-at="2025-04-25T17:07:02 PKT" name="setup" finished-at="2025-04-25T17:07:12 PKT" duration-ms="10427" status="PASS">
          <reporter-output>
          </reporter-output>
        </test-method> <!-- setup -->
        <test-method signature="testEnterZipOnLandingPage()[pri:1, instance:tests.RegistrationTest@6f03482]" started-at="2025-04-25T17:07:12 PKT" name="testEnterZipOnLandingPage" finished-at="2025-04-25T17:07:41 PKT" duration-ms="28899" status="PASS">
          <reporter-output>
          </reporter-output>
        </test-method> <!-- testEnterZipOnLandingPage -->
        <test-method signature="testFillPropertyDetails()[pri:2, instance:tests.RegistrationTest@6f03482]" started-at="2025-04-25T17:07:41 PKT" name="testFillPropertyDetails" finished-at="2025-04-25T17:08:02 PKT" duration-ms="20173" status="PASS">
          <reporter-output>
          </reporter-output>
        </test-method> <!-- testFillPropertyDetails -->
        <test-method is-config="true" signature="teardown()[pri:0, instance:tests.RegistrationTest@6f03482]" started-at="2025-04-25T17:08:02 PKT" name="teardown" finished-at="2025-04-25T17:08:03 PKT" duration-ms="1915" status="PASS">
          <reporter-output>
          </reporter-output>
        </test-method> <!-- teardown -->
      </class> <!-- tests.RegistrationTest -->
    </test> <!-- Default test -->
  </suite> <!-- Default suite -->
</testng-results>
