<?xml version="1.0" encoding="UTF-8"?>
<!-- Generated by org.testng.reporters.JUnitXMLReporter -->
<testsuite ignored="0" hostname="DSL-UmarK" failures="0" tests="5" name="Sequential Registration Tests" time="207.72" errors="0" timestamp="2025-04-22T01:33:44 PKT">
  <testcase classname="tests.RegistrationTestOasis" name="testUserRegistration" time="71.15"/>
  <testcase classname="tests.RegistrationTest" name="testUserRegistration" time="30.768"/>
  <testcase classname="tests.RegistrationTestMosquito" name="testUserRegistration" time="39.04"/>
  <testcase classname="tests.RegistrationTestTaexxRS" name="testUserRegistration" time="28.525"/>
  <testcase classname="tests.RegistrationTestTermitecontrolpc" name="testUserRegistration" time="30.795"/>
</testsuite> <!-- Sequential Registration Tests -->
